2023-06-27 14:03:42 +0000 [MT] Initial pipeline context: <IDEDistributionProcessingPipelineContext: 0x128f15da0; archive(resolved)="<IDEArchive: 0x600000363d20>", distributionTask(resolved)="2", distributionDestination(resolved)="1", distributionMethod(resolved)="<IDEDistributionMethodDevelopmentSigned: 0x6000025a29f0>", team(resolved)="<IDEProvisioningBasicTeam: 0x6000026a8300; teamID='4XF5KZD4AY', teamName='(null)'>">
	Chain (13, self inclusive):
	<IDEDistributionProcessingPipelineContext: 0x128f15da0; archive = "<IDEArchive: 0x600000363d20>", distributionMethod="<IDEDistributionMethodDevelopmentSigned: 0x6000025a29f0>", team="<IDEProvisioningBasicTeam: 0x6000026a8300; teamID='4XF5KZD4AY', teamName='(null)'>">
	<IDEDistributionProcessingPipelineContext: 0x128f15b10; archive = "<IDEArchive: 0x600000363d20>", distributionMethod="<IDEDistributionMethodDevelopmentSigned: 0x6000025a29f0>", team="<IDEProvisioningBasicTeam: 0x6000026a8300; teamID='4XF5KZD4AY', teamName='(null)'>">
	<IDEDistributionContext: 0x128f12eb0; archive = "<IDEArchive: 0x600000363d20>", distributionMethod="<IDEDistributionMethodDevelopmentSigned: 0x6000025a29f0>", team="<IDEProvisioningBasicTeam: 0x6000026a8300; teamID='4XF5KZD4AY', teamName='(null)'>">
	<IDEDistributionContext: 0x12a031aa0; archive = "<IDEArchive: 0x600000363d20>", distributionMethod="<IDEDistributionMethodDevelopmentSigned: 0x6000025a29f0>", team="<IDEProvisioningBasicTeam: 0x6000026a8300; teamID='4XF5KZD4AY', teamName='(null)'>">
	<IDEDistributionContext: 0x10c4b7680; archive = "<IDEArchive: 0x600000363d20>", distributionMethod="<IDEDistributionMethodDevelopmentSigned: 0x6000025a29f0>", team="<IDEProvisioningBasicTeam: 0x6000026a8300; teamID='4XF5KZD4AY', teamName='(null)'>">
	<IDEDistributionContext: 0x10c4afd50; archive = "<IDEArchive: 0x600000363d20>", distributionMethod="<IDEDistributionMethodDevelopmentSigned: 0x6000025a29f0>", team="<IDEProvisioningBasicTeam: 0x6000026a8300; teamID='4XF5KZD4AY', teamName='(null)'>">
	<IDEDistributionContext: 0x10c4aeb80; archive = "<IDEArchive: 0x600000363d20>", distributionMethod="<IDEDistributionMethodDevelopmentSigned: 0x6000025a29f0>", team="<IDEProvisioningBasicTeam: 0x6000026a8300; teamID='4XF5KZD4AY', teamName='(null)'>">
	<IDEDistributionContext: 0x12a031880; archive = "<IDEArchive: 0x600000363d20>", distributionMethod="<IDEDistributionMethodDevelopmentSigned: 0x6000025a29f0>", team="<IDEProvisioningBasicTeam: 0x6000026a8300; teamID='4XF5KZD4AY', teamName='(null)'>">
	<IDEDistributionContext: 0x10c4a3bb0; archive = "<IDEArchive: 0x600000363d20>", distributionMethod="<IDEDistributionMethodDevelopmentSigned: 0x6000025a29f0>", team="<IDEProvisioningBasicTeam: 0x6000026a8300; teamID='4XF5KZD4AY', teamName='(null)'>">
	<IDEDistributionContext: 0x10c4a3490; archive = "<IDEArchive: 0x600000363d20>", distributionMethod="<IDEDistributionMethodDevelopmentSigned: 0x6000025a29f0>", team="(null)">
	<IDEDistributionContext: 0x10c4a23b0; archive = "<IDEArchive: 0x600000363d20>", distributionMethod="<IDEDistributionMethodDevelopmentSigned: 0x6000025a29f0>", team="(null)">
	<IDEDistributionContext: 0x10c486c60; archive = "<IDEArchive: 0x600000363d20>", distributionMethod="<IDEDistributionMethodDevelopmentSigned: 0x6000025a29f0>", team="(null)">
	<IDEDistributionContext: 0x128e09690; archive = "<IDEArchive: 0x600000363d20>", distributionMethod="(null)", team="(null)">
</IDEDistributionProcessingPipelineContext: 0x128f15da0>
2023-06-27 14:03:42 +0000 [MT] Processing step: IDEDistributionCreateDestRootStep
2023-06-27 14:03:42 +0000 [MT] Processing step: IDEDistributionCopyItemStep
2023-06-27 14:03:42 +0000 [MT] Running /usr/bin/ditto '-V' '/Users/nirmit/Desktop/DDS/DDS/build/Development-iphoneos/DDS.xcarchive/Products/Applications/DDS.app' '/var/folders/lb/5xzvx5rj26x9cyp66357w7cr0000gn/T/XcodeDistPipeline.~~~DxTivb/Root/Payload/DDS.app'
2023-06-27 14:03:42 +0000  >>> Copying /Users/nirmit/Desktop/DDS/DDS/build/Development-iphoneos/DDS.xcarchive/Products/Applications/DDS.app 
2023-06-27 14:03:42 +0000  copying file ./_CodeSignature/CodeResources ... 
2023-06-27 14:03:42 +0000  13129 bytes for ./_CodeSignature/CodeResources
2023-06-27 14:03:42 +0000  copying file ./AppIcon60x60@2x.png ... 
2023-06-27 14:03:42 +0000  5691 bytes for ./AppIcon60x60@2x.png
copying file ./DDS_Logo.png ... 
2023-06-27 14:03:42 +0000  141304 bytes for ./DDS_Logo.png
2023-06-27 14:03:42 +0000  copying file ./Assets.car ... 
2023-06-27 14:03:42 +0000  259151 bytes for ./Assets.car
copying file ./AppIcon76x76@2x~ipad.png ... 
2023-06-27 14:03:42 +0000  7408 bytes for ./AppIcon76x76@2x~ipad.png
2023-06-27 14:03:42 +0000  copying file ./LaunchScreen.storyboardc/01J-lp-oVM-view-Ze5-6b-2t3.nib ... 
2023-06-27 14:03:42 +0000  3204 bytes for ./LaunchScreen.storyboardc/01J-lp-oVM-view-Ze5-6b-2t3.nib
copying file ./LaunchScreen.storyboardc/UIViewController-01J-lp-oVM.nib ... 
2023-06-27 14:03:42 +0000  896 bytes for ./LaunchScreen.storyboardc/UIViewController-01J-lp-oVM.nib
copying file ./LaunchScreen.storyboardc/Info.plist ... 
2023-06-27 14:03:42 +0000  258 bytes for ./LaunchScreen.storyboardc/Info.plist
2023-06-27 14:03:42 +0000  copying file ./DDS ... 
2023-06-27 14:03:42 +0000  757888 bytes for ./DDS
2023-06-27 14:03:42 +0000  copying file ./Frameworks/NVActivityIndicatorView.framework/_CodeSignature/CodeResources ... 
2023-06-27 14:03:42 +0000  1798 bytes for ./Frameworks/NVActivityIndicatorView.framework/_CodeSignature/CodeResources
2023-06-27 14:03:42 +0000  copying file ./Frameworks/NVActivityIndicatorView.framework/NVActivityIndicatorView ... 
2023-06-27 14:03:42 +0000  429664 bytes for ./Frameworks/NVActivityIndicatorView.framework/NVActivityIndicatorView
copying file ./Frameworks/NVActivityIndicatorView.framework/Info.plist ... 
2023-06-27 14:03:42 +0000  819 bytes for ./Frameworks/NVActivityIndicatorView.framework/Info.plist
2023-06-27 14:03:42 +0000  copying file ./Frameworks/NDT7.framework/_CodeSignature/CodeResources ... 
2023-06-27 14:03:42 +0000  1798 bytes for ./Frameworks/NDT7.framework/_CodeSignature/CodeResources
2023-06-27 14:03:42 +0000  copying file ./Frameworks/NDT7.framework/NDT7 ... 
2023-06-27 14:03:42 +0000  874576 bytes for ./Frameworks/NDT7.framework/NDT7
copying file ./Frameworks/NDT7.framework/Info.plist ... 
2023-06-27 14:03:42 +0000  779 bytes for ./Frameworks/NDT7.framework/Info.plist
2023-06-27 14:03:42 +0000  copying file ./Frameworks/FillableLoaders.framework/_CodeSignature/CodeResources ... 
2023-06-27 14:03:42 +0000  1798 bytes for ./Frameworks/FillableLoaders.framework/_CodeSignature/CodeResources
2023-06-27 14:03:42 +0000  copying file ./Frameworks/FillableLoaders.framework/FillableLoaders ... 
2023-06-27 14:03:42 +0000  206704 bytes for ./Frameworks/FillableLoaders.framework/FillableLoaders
copying file ./Frameworks/FillableLoaders.framework/Info.plist ... 
2023-06-27 14:03:42 +0000  803 bytes for ./Frameworks/FillableLoaders.framework/Info.plist
2023-06-27 14:03:42 +0000  copying file ./Frameworks/IQKeyboardManagerSwift.framework/_CodeSignature/CodeResources ... 
2023-06-27 14:03:42 +0000  4122 bytes for ./Frameworks/IQKeyboardManagerSwift.framework/_CodeSignature/CodeResources
2023-06-27 14:03:42 +0000  copying file ./Frameworks/IQKeyboardManagerSwift.framework/IQKeyboardManager.bundle/IQButtonBarArrowRight@2x.png ... 
2023-06-27 14:03:42 +0000  1786 bytes for ./Frameworks/IQKeyboardManagerSwift.framework/IQKeyboardManager.bundle/IQButtonBarArrowRight@2x.png
copying file ./Frameworks/IQKeyboardManagerSwift.framework/IQKeyboardManager.bundle/IQButtonBarArrowUp@3x.png ... 
2023-06-27 14:03:42 +0000  2164 bytes for ./Frameworks/IQKeyboardManagerSwift.framework/IQKeyboardManager.bundle/IQButtonBarArrowUp@3x.png
copying file ./Frameworks/IQKeyboardManagerSwift.framework/IQKeyboardManager.bundle/IQButtonBarArrowUp@2x.png ... 
2023-06-27 14:03:42 +0000  1769 bytes for ./Frameworks/IQKeyboardManagerSwift.framework/IQKeyboardManager.bundle/IQButtonBarArrowUp@2x.png
copying file ./Frameworks/IQKeyboardManagerSwift.framework/IQKeyboardManager.bundle/IQButtonBarArrowRight@3x.png ... 
2023-06-27 14:03:42 +0000  1844 bytes for ./Frameworks/IQKeyboardManagerSwift.framework/IQKeyboardManager.bundle/IQButtonBarArrowRight@3x.png
copying file ./Frameworks/IQKeyboardManagerSwift.framework/IQKeyboardManager.bundle/IQButtonBarArrowLeft@3x.png ... 
2023-06-27 14:03:42 +0000  1815 bytes for ./Frameworks/IQKeyboardManagerSwift.framework/IQKeyboardManager.bundle/IQButtonBarArrowLeft@3x.png
copying file ./Frameworks/IQKeyboardManagerSwift.framework/IQKeyboardManager.bundle/IQButtonBarArrowDown@3x.png ... 
2023-06-27 14:03:42 +0000  2177 bytes for ./Frameworks/IQKeyboardManagerSwift.framework/IQKeyboardManager.bundle/IQButtonBarArrowDown@3x.png
copying file ./Frameworks/IQKeyboardManagerSwift.framework/IQKeyboardManager.bundle/IQButtonBarArrowDown@2x.png ... 
2023-06-27 14:03:42 +0000  1764 bytes for ./Frameworks/IQKeyboardManagerSwift.framework/IQKeyboardManager.bundle/IQButtonBarArrowDown@2x.png
copying file ./Frameworks/IQKeyboardManagerSwift.framework/IQKeyboardManager.bundle/IQButtonBarArrowLeft@2x.png ... 
2023-06-27 14:03:42 +0000  1793 bytes for ./Frameworks/IQKeyboardManagerSwift.framework/IQKeyboardManager.bundle/IQButtonBarArrowLeft@2x.png
2023-06-27 14:03:42 +0000  copying file ./Frameworks/IQKeyboardManagerSwift.framework/IQKeyboardManagerSwift ... 
2023-06-27 14:03:42 +0000  773808 bytes for ./Frameworks/IQKeyboardManagerSwift.framework/IQKeyboardManagerSwift
copying file ./Frameworks/IQKeyboardManagerSwift.framework/Info.plist ... 
2023-06-27 14:03:42 +0000  817 bytes for ./Frameworks/IQKeyboardManagerSwift.framework/Info.plist
2023-06-27 14:03:42 +0000  copying file ./Frameworks/AlignedCollectionViewFlowLayout.framework/_CodeSignature/CodeResources ... 
2023-06-27 14:03:42 +0000  1798 bytes for ./Frameworks/AlignedCollectionViewFlowLayout.framework/_CodeSignature/CodeResources
2023-06-27 14:03:42 +0000  copying file ./Frameworks/AlignedCollectionViewFlowLayout.framework/Info.plist ... 
2023-06-27 14:03:42 +0000  835 bytes for ./Frameworks/AlignedCollectionViewFlowLayout.framework/Info.plist
copying file ./Frameworks/AlignedCollectionViewFlowLayout.framework/AlignedCollectionViewFlowLayout ... 
2023-06-27 14:03:42 +0000  142336 bytes for ./Frameworks/AlignedCollectionViewFlowLayout.framework/AlignedCollectionViewFlowLayout
2023-06-27 14:03:42 +0000  copying file ./Frameworks/Alamofire.framework/_CodeSignature/CodeResources ... 
2023-06-27 14:03:42 +0000  1798 bytes for ./Frameworks/Alamofire.framework/_CodeSignature/CodeResources
copying file ./Frameworks/Alamofire.framework/Alamofire ... 
2023-06-27 14:03:42 +0000  3250720 bytes for ./Frameworks/Alamofire.framework/Alamofire
copying file ./Frameworks/Alamofire.framework/Info.plist ... 
2023-06-27 14:03:42 +0000  789 bytes for ./Frameworks/Alamofire.framework/Info.plist
copying file ./Frameworks/SDWebImage.framework/_CodeSignature/CodeResources ... 
1798 bytes for ./Frameworks/SDWebImage.framework/_CodeSignature/CodeResources
copying file ./Frameworks/SDWebImage.framework/SDWebImage ... 
900608 bytes for ./Frameworks/SDWebImage.framework/SDWebImage
copying file ./Frameworks/SDWebImage.framework/Info.plist ... 
2023-06-27 14:03:42 +0000  792 bytes for ./Frameworks/SDWebImage.framework/Info.plist
copying file ./embedded.mobileprovision ... 
15792 bytes for ./embedded.mobileprovision
copying file ./Info.plist ... 
2023-06-27 14:03:42 +0000  1676 bytes for ./Info.plist
2023-06-27 14:03:42 +0000  copying file ./PkgInfo ... 
8 bytes for ./PkgInfo
2023-06-27 14:03:42 +0000 [MT] /usr/bin/ditto exited with 0
2023-06-27 14:03:42 +0000 [MT] Processing step: IDEDistributionEmbedProfileStep
2023-06-27 14:03:42 +0000 [MT] Skipping profile for item: <IDEDistributionItem: 0x60000035ce40; bundleID='org.cocoapods.Alamofire', path='<DVTFilePath:0x600000c4d880:'/Users/nirmit/Desktop/DDS/DDS/build/Development-iphoneos/DDS.xcarchive/Products/Applications/DDS.app/Frameworks/Alamofire.framework'>', codeSigningInfo='<_DVTCodeSigningInformation_Path: 0x60000041bac0; isSigned='1', isAdHocSigned='0', signingCertificate='<DVTSigningCertificate: 0x6000010b6e10; name='Apple Development: Nirmit Dagly (67XV47QJX3)', hash='1413C41C24A4F91A3A7DF471F3BCD3CF7AFFF175', serialNumber='5C995B38903F5BD23DAB8570FE081587', certificateKinds='(
    "1.2.840.113635.100.6.1.12",
    "1.2.840.113635.100.6.1.2"
), issueDate='2023-04-02 23:29:34 +0000''>', entitlements='(null)', teamID='4XF5KZD4AY', identifier='org.cocoapods.Alamofire', executablePath='<DVTFilePath:0x600000c49880:'/Users/nirmit/Desktop/DDS/DDS/build/Development-iphoneos/DDS.xcarchive/Products/Applications/DDS.app/Frameworks/Alamofire.framework/Alamofire'>', hardenedRuntime='0'>'>
2023-06-27 14:03:42 +0000 [MT] Skipping profile for item: <IDEDistributionItem: 0x60000035c660; bundleID='org.cocoapods.AlignedCollectionViewFlowLayout', path='<DVTFilePath:0x6000015d9d40:'/Users/nirmit/Desktop/DDS/DDS/build/Development-iphoneos/DDS.xcarchive/Products/Applications/DDS.app/Frameworks/AlignedCollectionViewFlowLayout.framework'>', codeSigningInfo='<_DVTCodeSigningInformation_Path: 0x600000408050; isSigned='1', isAdHocSigned='0', signingCertificate='<DVTSigningCertificate: 0x6000010b6e10; name='Apple Development: Nirmit Dagly (67XV47QJX3)', hash='1413C41C24A4F91A3A7DF471F3BCD3CF7AFFF175', serialNumber='5C995B38903F5BD23DAB8570FE081587', certificateKinds='(
    "1.2.840.113635.100.6.1.12",
    "1.2.840.113635.100.6.1.2"
), issueDate='2023-04-02 23:29:34 +0000''>', entitlements='(null)', teamID='4XF5KZD4AY', identifier='org.cocoapods.AlignedCollectionViewFlowLayout', executablePath='<DVTFilePath:0x6000008cad00:'/Users/nirmit/Desktop/DDS/DDS/build/Development-iphoneos/DDS.xcarchive/Products/Applications/DDS.app/Frameworks/AlignedCollectionViewFlowLayout.framework/AlignedCollectionViewFlowLayout'>', hardenedRuntime='0'>'>
2023-06-27 14:03:42 +0000 [MT] Skipping profile for item: <IDEDistributionItem: 0x600000358420; bundleID='org.cocoapods.FillableLoaders', path='<DVTFilePath:0x6000008cc000:'/Users/nirmit/Desktop/DDS/DDS/build/Development-iphoneos/DDS.xcarchive/Products/Applications/DDS.app/Frameworks/FillableLoaders.framework'>', codeSigningInfo='<_DVTCodeSigningInformation_Path: 0x60000040b4d0; isSigned='1', isAdHocSigned='0', signingCertificate='<DVTSigningCertificate: 0x6000010e5970; name='Apple Development: Nirmit Dagly (67XV47QJX3)', hash='1413C41C24A4F91A3A7DF471F3BCD3CF7AFFF175', serialNumber='5C995B38903F5BD23DAB8570FE081587', certificateKinds='(
    "1.2.840.113635.100.6.1.12",
    "1.2.840.113635.100.6.1.2"
), issueDate='2023-04-02 23:29:34 +0000''>', entitlements='(null)', teamID='4XF5KZD4AY', identifier='org.cocoapods.FillableLoaders', executablePath='<DVTFilePath:0x600000c48c40:'/Users/nirmit/Desktop/DDS/DDS/build/Development-iphoneos/DDS.xcarchive/Products/Applications/DDS.app/Frameworks/FillableLoaders.framework/FillableLoaders'>', hardenedRuntime='0'>'>
2023-06-27 14:03:42 +0000 [MT] Skipping profile for item: <IDEDistributionItem: 0x6000003fc360; bundleID='org.cocoapods.IQKeyboardManagerSwift', path='<DVTFilePath:0x6000008cd180:'/Users/nirmit/Desktop/DDS/DDS/build/Development-iphoneos/DDS.xcarchive/Products/Applications/DDS.app/Frameworks/IQKeyboardManagerSwift.framework'>', codeSigningInfo='<_DVTCodeSigningInformation_Path: 0x600000404460; isSigned='1', isAdHocSigned='0', signingCertificate='<DVTSigningCertificate: 0x6000010e5970; name='Apple Development: Nirmit Dagly (67XV47QJX3)', hash='1413C41C24A4F91A3A7DF471F3BCD3CF7AFFF175', serialNumber='5C995B38903F5BD23DAB8570FE081587', certificateKinds='(
    "1.2.840.113635.100.6.1.12",
    "1.2.840.113635.100.6.1.2"
), issueDate='2023-04-02 23:29:34 +0000''>', entitlements='(null)', teamID='4XF5KZD4AY', identifier='org.cocoapods.IQKeyboardManagerSwift', executablePath='<DVTFilePath:0x600000cc99d0:'/Users/nirmit/Desktop/DDS/DDS/build/Development-iphoneos/DDS.xcarchive/Products/Applications/DDS.app/Frameworks/IQKeyboardManagerSwift.framework/IQKeyboardManagerSwift'>', hardenedRuntime='0'>'>
2023-06-27 14:03:42 +0000 [MT] Skipping profile for item: <IDEDistributionItem: 0x60000035ca80; bundleID='org.cocoapods.NDT7', path='<DVTFilePath:0x600000c4c7e0:'/Users/nirmit/Desktop/DDS/DDS/build/Development-iphoneos/DDS.xcarchive/Products/Applications/DDS.app/Frameworks/NDT7.framework'>', codeSigningInfo='<_DVTCodeSigningInformation_Path: 0x60000040b520; isSigned='1', isAdHocSigned='0', signingCertificate='<DVTSigningCertificate: 0x6000010e5a20; name='Apple Development: Nirmit Dagly (67XV47QJX3)', hash='1413C41C24A4F91A3A7DF471F3BCD3CF7AFFF175', serialNumber='5C995B38903F5BD23DAB8570FE081587', certificateKinds='(
    "1.2.840.113635.100.6.1.12",
    "1.2.840.113635.100.6.1.2"
), issueDate='2023-04-02 23:29:34 +0000''>', entitlements='(null)', teamID='4XF5KZD4AY', identifier='org.cocoapods.NDT7', executablePath='<DVTFilePath:0x600000367480:'/Users/nirmit/Desktop/DDS/DDS/build/Development-iphoneos/DDS.xcarchive/Products/Applications/DDS.app/Frameworks/NDT7.framework/NDT7'>', hardenedRuntime='0'>'>
2023-06-27 14:03:42 +0000 [MT] Skipping profile for item: <IDEDistributionItem: 0x6000003de280; bundleID='org.cocoapods.NVActivityIndicatorView', path='<DVTFilePath:0x6000008cf000:'/Users/nirmit/Desktop/DDS/DDS/build/Development-iphoneos/DDS.xcarchive/Products/Applications/DDS.app/Frameworks/NVActivityIndicatorView.framework'>', codeSigningInfo='<_DVTCodeSigningInformation_Path: 0x6000004e72f0; isSigned='1', isAdHocSigned='0', signingCertificate='<DVTSigningCertificate: 0x6000010e5970; name='Apple Development: Nirmit Dagly (67XV47QJX3)', hash='1413C41C24A4F91A3A7DF471F3BCD3CF7AFFF175', serialNumber='5C995B38903F5BD23DAB8570FE081587', certificateKinds='(
    "1.2.840.113635.100.6.1.12",
    "1.2.840.113635.100.6.1.2"
), issueDate='2023-04-02 23:29:34 +0000''>', entitlements='(null)', teamID='4XF5KZD4AY', identifier='org.cocoapods.NVActivityIndicatorView', executablePath='<DVTFilePath:0x600000cfca10:'/Users/nirmit/Desktop/DDS/DDS/build/Development-iphoneos/DDS.xcarchive/Products/Applications/DDS.app/Frameworks/NVActivityIndicatorView.framework/NVActivityIndicatorView'>', hardenedRuntime='0'>'>
2023-06-27 14:03:42 +0000 [MT] Skipping profile for item: <IDEDistributionItem: 0x600000358480; bundleID='org.cocoapods.SDWebImage', path='<DVTFilePath:0x600000c4db20:'/Users/nirmit/Desktop/DDS/DDS/build/Development-iphoneos/DDS.xcarchive/Products/Applications/DDS.app/Frameworks/SDWebImage.framework'>', codeSigningInfo='<_DVTCodeSigningInformation_Path: 0x6000004047d0; isSigned='1', isAdHocSigned='0', signingCertificate='<DVTSigningCertificate: 0x6000010f4a50; name='Apple Development: Nirmit Dagly (67XV47QJX3)', hash='1413C41C24A4F91A3A7DF471F3BCD3CF7AFFF175', serialNumber='5C995B38903F5BD23DAB8570FE081587', certificateKinds='(
    "1.2.840.113635.100.6.1.12",
    "1.2.840.113635.100.6.1.2"
), issueDate='2023-04-02 23:29:34 +0000''>', entitlements='(null)', teamID='4XF5KZD4AY', identifier='org.cocoapods.SDWebImage', executablePath='<DVTFilePath:0x600000c49a40:'/Users/nirmit/Desktop/DDS/DDS/build/Development-iphoneos/DDS.xcarchive/Products/Applications/DDS.app/Frameworks/SDWebImage.framework/SDWebImage'>', hardenedRuntime='0'>'>
2023-06-27 14:03:42 +0000 [MT] Processing step: IDEDistributionInfoPlistStep
2023-06-27 14:03:42 +0000 [MT] Skipping step: IDEDistributionInfoPlistStep because it said so
2023-06-27 14:03:42 +0000 [MT] Skipping step: IDEDistributionInfoPlistStep because it said so
2023-06-27 14:03:42 +0000 [MT] Skipping step: IDEDistributionInfoPlistStep because it said so
2023-06-27 14:03:42 +0000 [MT] Skipping step: IDEDistributionInfoPlistStep because it said so
2023-06-27 14:03:42 +0000 [MT] Skipping step: IDEDistributionInfoPlistStep because it said so
2023-06-27 14:03:42 +0000 [MT] Skipping step: IDEDistributionInfoPlistStep because it said so
2023-06-27 14:03:42 +0000 [MT] Skipping step: IDEDistributionInfoPlistStep because it said so
2023-06-27 14:03:42 +0000 [MT] Skipping step: IDEDistributionInfoPlistStep because it said so
2023-06-27 14:03:42 +0000 [MT] Processing step: IDEDistributionAppThinningPlistStep
2023-06-27 14:03:42 +0000 [MT] Skipping step: IDEDistributionAppThinningPlistStep because it said so
2023-06-27 14:03:42 +0000 [MT] Processing step: IDEDistributionCompileBitcodeStep
2023-06-27 14:03:42 +0000 [MT] Skipping step: IDEDistributionCompileBitcodeStep because it said so
2023-06-27 14:03:42 +0000 [MT] Processing step: IDEDistributionCodeSlimmingStep
2023-06-27 14:03:42 +0000 [MT] Processing step: IDEDistributionCopyBCSymbolMapsStep
2023-06-27 14:03:42 +0000 [MT] Skipping step: IDEDistributionCopyBCSymbolMapsStep because it said so
2023-06-27 14:03:42 +0000 [MT] Skipping step: IDEDistributionCopyBCSymbolMapsStep because it said so
2023-06-27 14:03:42 +0000 [MT] Skipping step: IDEDistributionCopyBCSymbolMapsStep because it said so
2023-06-27 14:03:42 +0000 [MT] Skipping step: IDEDistributionCopyBCSymbolMapsStep because it said so
2023-06-27 14:03:42 +0000 [MT] Skipping step: IDEDistributionCopyBCSymbolMapsStep because it said so
2023-06-27 14:03:42 +0000 [MT] Skipping step: IDEDistributionCopyBCSymbolMapsStep because it said so
2023-06-27 14:03:42 +0000 [MT] Skipping step: IDEDistributionCopyBCSymbolMapsStep because it said so
2023-06-27 14:03:42 +0000 [MT] Skipping step: IDEDistributionCopyBCSymbolMapsStep because it said so
2023-06-27 14:03:42 +0000 [MT] Processing step: IDEDistributionSymbolsStep
2023-06-27 14:03:42 +0000 [MT] Skipping step: IDEDistributionSymbolsStep because it said so
2023-06-27 14:03:42 +0000 [MT] Skipping step: IDEDistributionSymbolsStep because it said so
2023-06-27 14:03:42 +0000 [MT] Skipping step: IDEDistributionSymbolsStep because it said so
2023-06-27 14:03:42 +0000 [MT] Skipping step: IDEDistributionSymbolsStep because it said so
2023-06-27 14:03:42 +0000 [MT] Skipping step: IDEDistributionSymbolsStep because it said so
2023-06-27 14:03:42 +0000 [MT] Skipping step: IDEDistributionSymbolsStep because it said so
2023-06-27 14:03:42 +0000 [MT] Skipping step: IDEDistributionSymbolsStep because it said so
2023-06-27 14:03:42 +0000 [MT] Skipping step: IDEDistributionSymbolsStep because it said so
2023-06-27 14:03:42 +0000 [MT] Processing step: IDEDistributionAppThinningStep
2023-06-27 14:03:42 +0000 [MT] Skipping step: IDEDistributionAppThinningStep because it said so
2023-06-27 14:03:42 +0000 [MT] Processing step: IDEDistributionArchThinningStep
2023-06-27 14:03:42 +0000 [MT] Running /Applications/Xcode.app/Contents/Developer/Toolchains/XcodeDefault.xctoolchain/usr/bin/lipo '/var/folders/lb/5xzvx5rj26x9cyp66357w7cr0000gn/T/XcodeDistPipeline.~~~DxTivb/Root/Payload/DDS.app/Frameworks/Alamofire.framework/Alamofire' '-verify_arch' 'arm64e'
2023-06-27 14:03:42 +0000 [MT] /Applications/Xcode.app/Contents/Developer/Toolchains/XcodeDefault.xctoolchain/usr/bin/lipo exited with 1
2023-06-27 14:03:42 +0000 [MT] Skipping architecture thinning for item "Alamofire" because arch "arm64e" wasn't found
2023-06-27 14:03:42 +0000 [MT] Running /Applications/Xcode.app/Contents/Developer/Toolchains/XcodeDefault.xctoolchain/usr/bin/lipo '/var/folders/lb/5xzvx5rj26x9cyp66357w7cr0000gn/T/XcodeDistPipeline.~~~DxTivb/Root/Payload/DDS.app/Frameworks/AlignedCollectionViewFlowLayout.framework/AlignedCollectionViewFlowLayout' '-verify_arch' 'arm64e'
2023-06-27 14:03:42 +0000 [MT] /Applications/Xcode.app/Contents/Developer/Toolchains/XcodeDefault.xctoolchain/usr/bin/lipo exited with 1
2023-06-27 14:03:42 +0000 [MT] Skipping architecture thinning for item "AlignedCollectionViewFlowLayout" because arch "arm64e" wasn't found
2023-06-27 14:03:42 +0000 [MT] Running /Applications/Xcode.app/Contents/Developer/Toolchains/XcodeDefault.xctoolchain/usr/bin/lipo '/var/folders/lb/5xzvx5rj26x9cyp66357w7cr0000gn/T/XcodeDistPipeline.~~~DxTivb/Root/Payload/DDS.app/Frameworks/FillableLoaders.framework/FillableLoaders' '-verify_arch' 'arm64e'
2023-06-27 14:03:42 +0000 [MT] /Applications/Xcode.app/Contents/Developer/Toolchains/XcodeDefault.xctoolchain/usr/bin/lipo exited with 1
2023-06-27 14:03:42 +0000 [MT] Skipping architecture thinning for item "FillableLoaders" because arch "arm64e" wasn't found
2023-06-27 14:03:42 +0000 [MT] Running /Applications/Xcode.app/Contents/Developer/Toolchains/XcodeDefault.xctoolchain/usr/bin/lipo '/var/folders/lb/5xzvx5rj26x9cyp66357w7cr0000gn/T/XcodeDistPipeline.~~~DxTivb/Root/Payload/DDS.app/Frameworks/IQKeyboardManagerSwift.framework/IQKeyboardManagerSwift' '-verify_arch' 'arm64e'
2023-06-27 14:03:42 +0000 [MT] /Applications/Xcode.app/Contents/Developer/Toolchains/XcodeDefault.xctoolchain/usr/bin/lipo exited with 1
2023-06-27 14:03:42 +0000 [MT] Skipping architecture thinning for item "IQKeyboardManagerSwift" because arch "arm64e" wasn't found
2023-06-27 14:03:42 +0000 [MT] Running /Applications/Xcode.app/Contents/Developer/Toolchains/XcodeDefault.xctoolchain/usr/bin/lipo '/var/folders/lb/5xzvx5rj26x9cyp66357w7cr0000gn/T/XcodeDistPipeline.~~~DxTivb/Root/Payload/DDS.app/Frameworks/NDT7.framework/NDT7' '-verify_arch' 'arm64e'
2023-06-27 14:03:42 +0000 [MT] /Applications/Xcode.app/Contents/Developer/Toolchains/XcodeDefault.xctoolchain/usr/bin/lipo exited with 1
2023-06-27 14:03:42 +0000 [MT] Skipping architecture thinning for item "NDT7" because arch "arm64e" wasn't found
2023-06-27 14:03:42 +0000 [MT] Running /Applications/Xcode.app/Contents/Developer/Toolchains/XcodeDefault.xctoolchain/usr/bin/lipo '/var/folders/lb/5xzvx5rj26x9cyp66357w7cr0000gn/T/XcodeDistPipeline.~~~DxTivb/Root/Payload/DDS.app/Frameworks/NVActivityIndicatorView.framework/NVActivityIndicatorView' '-verify_arch' 'arm64e'
2023-06-27 14:03:42 +0000 [MT] /Applications/Xcode.app/Contents/Developer/Toolchains/XcodeDefault.xctoolchain/usr/bin/lipo exited with 1
2023-06-27 14:03:42 +0000 [MT] Skipping architecture thinning for item "NVActivityIndicatorView" because arch "arm64e" wasn't found
2023-06-27 14:03:42 +0000 [MT] Running /Applications/Xcode.app/Contents/Developer/Toolchains/XcodeDefault.xctoolchain/usr/bin/lipo '/var/folders/lb/5xzvx5rj26x9cyp66357w7cr0000gn/T/XcodeDistPipeline.~~~DxTivb/Root/Payload/DDS.app/Frameworks/SDWebImage.framework/SDWebImage' '-verify_arch' 'arm64e'
2023-06-27 14:03:42 +0000 [MT] /Applications/Xcode.app/Contents/Developer/Toolchains/XcodeDefault.xctoolchain/usr/bin/lipo exited with 1
2023-06-27 14:03:42 +0000 [MT] Skipping architecture thinning for item "SDWebImage" because arch "arm64e" wasn't found
2023-06-27 14:03:42 +0000 [MT] Running /Applications/Xcode.app/Contents/Developer/Toolchains/XcodeDefault.xctoolchain/usr/bin/lipo '/var/folders/lb/5xzvx5rj26x9cyp66357w7cr0000gn/T/XcodeDistPipeline.~~~DxTivb/Root/Payload/DDS.app/DDS' '-verify_arch' 'arm64e'
2023-06-27 14:03:42 +0000 [MT] /Applications/Xcode.app/Contents/Developer/Toolchains/XcodeDefault.xctoolchain/usr/bin/lipo exited with 1
2023-06-27 14:03:42 +0000 [MT] Skipping architecture thinning for item "DDS" because arch "arm64e" wasn't found
2023-06-27 14:03:42 +0000 [MT] Processing step: IDEDistributionODRStep
2023-06-27 14:03:42 +0000 [MT] Processing step: IDEDistributionStripXattrsStep
2023-06-27 14:03:42 +0000 [MT] Skipping stripping extended attributes of item: <IDEDistributionItem: 0x60000035ce40; bundleID='org.cocoapods.Alamofire', path='<DVTFilePath:0x600000c4d880:'/Users/nirmit/Desktop/DDS/DDS/build/Development-iphoneos/DDS.xcarchive/Products/Applications/DDS.app/Frameworks/Alamofire.framework'>', codeSigningInfo='<_DVTCodeSigningInformation_Path: 0x60000041bac0; isSigned='1', isAdHocSigned='0', signingCertificate='<DVTSigningCertificate: 0x6000010b7a70; name='Apple Development: Nirmit Dagly (67XV47QJX3)', hash='1413C41C24A4F91A3A7DF471F3BCD3CF7AFFF175', serialNumber='5C995B38903F5BD23DAB8570FE081587', certificateKinds='(
    "1.2.840.113635.100.6.1.12",
    "1.2.840.113635.100.6.1.2"
), issueDate='2023-04-02 23:29:34 +0000''>', entitlements='(null)', teamID='4XF5KZD4AY', identifier='org.cocoapods.Alamofire', executablePath='<DVTFilePath:0x600000c49880:'/Users/nirmit/Desktop/DDS/DDS/build/Development-iphoneos/DDS.xcarchive/Products/Applications/DDS.app/Frameworks/Alamofire.framework/Alamofire'>', hardenedRuntime='0'>'>
2023-06-27 14:03:42 +0000 [MT] Skipping stripping extended attributes of item: <IDEDistributionItem: 0x60000035c660; bundleID='org.cocoapods.AlignedCollectionViewFlowLayout', path='<DVTFilePath:0x6000015d9d40:'/Users/nirmit/Desktop/DDS/DDS/build/Development-iphoneos/DDS.xcarchive/Products/Applications/DDS.app/Frameworks/AlignedCollectionViewFlowLayout.framework'>', codeSigningInfo='<_DVTCodeSigningInformation_Path: 0x600000408050; isSigned='1', isAdHocSigned='0', signingCertificate='<DVTSigningCertificate: 0x6000010b7a70; name='Apple Development: Nirmit Dagly (67XV47QJX3)', hash='1413C41C24A4F91A3A7DF471F3BCD3CF7AFFF175', serialNumber='5C995B38903F5BD23DAB8570FE081587', certificateKinds='(
    "1.2.840.113635.100.6.1.12",
    "1.2.840.113635.100.6.1.2"
), issueDate='2023-04-02 23:29:34 +0000''>', entitlements='(null)', teamID='4XF5KZD4AY', identifier='org.cocoapods.AlignedCollectionViewFlowLayout', executablePath='<DVTFilePath:0x6000008cad00:'/Users/nirmit/Desktop/DDS/DDS/build/Development-iphoneos/DDS.xcarchive/Products/Applications/DDS.app/Frameworks/AlignedCollectionViewFlowLayout.framework/AlignedCollectionViewFlowLayout'>', hardenedRuntime='0'>'>
2023-06-27 14:03:42 +0000 [MT] Skipping stripping extended attributes of item: <IDEDistributionItem: 0x600000358420; bundleID='org.cocoapods.FillableLoaders', path='<DVTFilePath:0x6000008cc000:'/Users/nirmit/Desktop/DDS/DDS/build/Development-iphoneos/DDS.xcarchive/Products/Applications/DDS.app/Frameworks/FillableLoaders.framework'>', codeSigningInfo='<_DVTCodeSigningInformation_Path: 0x60000040b4d0; isSigned='1', isAdHocSigned='0', signingCertificate='<DVTSigningCertificate: 0x6000010b7a70; name='Apple Development: Nirmit Dagly (67XV47QJX3)', hash='1413C41C24A4F91A3A7DF471F3BCD3CF7AFFF175', serialNumber='5C995B38903F5BD23DAB8570FE081587', certificateKinds='(
    "1.2.840.113635.100.6.1.12",
    "1.2.840.113635.100.6.1.2"
), issueDate='2023-04-02 23:29:34 +0000''>', entitlements='(null)', teamID='4XF5KZD4AY', identifier='org.cocoapods.FillableLoaders', executablePath='<DVTFilePath:0x600000c48c40:'/Users/nirmit/Desktop/DDS/DDS/build/Development-iphoneos/DDS.xcarchive/Products/Applications/DDS.app/Frameworks/FillableLoaders.framework/FillableLoaders'>', hardenedRuntime='0'>'>
2023-06-27 14:03:42 +0000 [MT] Skipping stripping extended attributes of item: <IDEDistributionItem: 0x6000003fc360; bundleID='org.cocoapods.IQKeyboardManagerSwift', path='<DVTFilePath:0x6000008cd180:'/Users/nirmit/Desktop/DDS/DDS/build/Development-iphoneos/DDS.xcarchive/Products/Applications/DDS.app/Frameworks/IQKeyboardManagerSwift.framework'>', codeSigningInfo='<_DVTCodeSigningInformation_Path: 0x600000404460; isSigned='1', isAdHocSigned='0', signingCertificate='<DVTSigningCertificate: 0x6000010b7a70; name='Apple Development: Nirmit Dagly (67XV47QJX3)', hash='1413C41C24A4F91A3A7DF471F3BCD3CF7AFFF175', serialNumber='5C995B38903F5BD23DAB8570FE081587', certificateKinds='(
    "1.2.840.113635.100.6.1.12",
    "1.2.840.113635.100.6.1.2"
), issueDate='2023-04-02 23:29:34 +0000''>', entitlements='(null)', teamID='4XF5KZD4AY', identifier='org.cocoapods.IQKeyboardManagerSwift', executablePath='<DVTFilePath:0x600000cc99d0:'/Users/nirmit/Desktop/DDS/DDS/build/Development-iphoneos/DDS.xcarchive/Products/Applications/DDS.app/Frameworks/IQKeyboardManagerSwift.framework/IQKeyboardManagerSwift'>', hardenedRuntime='0'>'>
2023-06-27 14:03:42 +0000 [MT] Skipping stripping extended attributes of item: <IDEDistributionItem: 0x60000035ca80; bundleID='org.cocoapods.NDT7', path='<DVTFilePath:0x600000c4c7e0:'/Users/nirmit/Desktop/DDS/DDS/build/Development-iphoneos/DDS.xcarchive/Products/Applications/DDS.app/Frameworks/NDT7.framework'>', codeSigningInfo='<_DVTCodeSigningInformation_Path: 0x60000040b520; isSigned='1', isAdHocSigned='0', signingCertificate='<DVTSigningCertificate: 0x6000010b77b0; name='Apple Development: Nirmit Dagly (67XV47QJX3)', hash='1413C41C24A4F91A3A7DF471F3BCD3CF7AFFF175', serialNumber='5C995B38903F5BD23DAB8570FE081587', certificateKinds='(
    "1.2.840.113635.100.6.1.12",
    "1.2.840.113635.100.6.1.2"
), issueDate='2023-04-02 23:29:34 +0000''>', entitlements='(null)', teamID='4XF5KZD4AY', identifier='org.cocoapods.NDT7', executablePath='<DVTFilePath:0x600000367480:'/Users/nirmit/Desktop/DDS/DDS/build/Development-iphoneos/DDS.xcarchive/Products/Applications/DDS.app/Frameworks/NDT7.framework/NDT7'>', hardenedRuntime='0'>'>
2023-06-27 14:03:42 +0000 [MT] Skipping stripping extended attributes of item: <IDEDistributionItem: 0x6000003de280; bundleID='org.cocoapods.NVActivityIndicatorView', path='<DVTFilePath:0x6000008cf000:'/Users/nirmit/Desktop/DDS/DDS/build/Development-iphoneos/DDS.xcarchive/Products/Applications/DDS.app/Frameworks/NVActivityIndicatorView.framework'>', codeSigningInfo='<_DVTCodeSigningInformation_Path: 0x6000004e72f0; isSigned='1', isAdHocSigned='0', signingCertificate='<DVTSigningCertificate: 0x6000010b7a70; name='Apple Development: Nirmit Dagly (67XV47QJX3)', hash='1413C41C24A4F91A3A7DF471F3BCD3CF7AFFF175', serialNumber='5C995B38903F5BD23DAB8570FE081587', certificateKinds='(
    "1.2.840.113635.100.6.1.12",
    "1.2.840.113635.100.6.1.2"
), issueDate='2023-04-02 23:29:34 +0000''>', entitlements='(null)', teamID='4XF5KZD4AY', identifier='org.cocoapods.NVActivityIndicatorView', executablePath='<DVTFilePath:0x600000cfca10:'/Users/nirmit/Desktop/DDS/DDS/build/Development-iphoneos/DDS.xcarchive/Products/Applications/DDS.app/Frameworks/NVActivityIndicatorView.framework/NVActivityIndicatorView'>', hardenedRuntime='0'>'>
2023-06-27 14:03:42 +0000 [MT] Skipping stripping extended attributes of item: <IDEDistributionItem: 0x600000358480; bundleID='org.cocoapods.SDWebImage', path='<DVTFilePath:0x600000c4db20:'/Users/nirmit/Desktop/DDS/DDS/build/Development-iphoneos/DDS.xcarchive/Products/Applications/DDS.app/Frameworks/SDWebImage.framework'>', codeSigningInfo='<_DVTCodeSigningInformation_Path: 0x6000004047d0; isSigned='1', isAdHocSigned='0', signingCertificate='<DVTSigningCertificate: 0x6000010b7a70; name='Apple Development: Nirmit Dagly (67XV47QJX3)', hash='1413C41C24A4F91A3A7DF471F3BCD3CF7AFFF175', serialNumber='5C995B38903F5BD23DAB8570FE081587', certificateKinds='(
    "1.2.840.113635.100.6.1.12",
    "1.2.840.113635.100.6.1.2"
), issueDate='2023-04-02 23:29:34 +0000''>', entitlements='(null)', teamID='4XF5KZD4AY', identifier='org.cocoapods.SDWebImage', executablePath='<DVTFilePath:0x600000c49a40:'/Users/nirmit/Desktop/DDS/DDS/build/Development-iphoneos/DDS.xcarchive/Products/Applications/DDS.app/Frameworks/SDWebImage.framework/SDWebImage'>', hardenedRuntime='0'>'>
2023-06-27 14:03:42 +0000 [MT] Running /usr/bin/xattr '-crs' '/var/folders/lb/5xzvx5rj26x9cyp66357w7cr0000gn/T/XcodeDistPipeline.~~~DxTivb/Root/Payload/DDS.app'
2023-06-27 14:03:42 +0000 [MT] /usr/bin/xattr exited with 0
2023-06-27 14:03:42 +0000 [MT] Processing step: IDEDistributionCodesignStep
2023-06-27 14:03:42 +0000 [MT] Entitlements for <IDEDistributionItem: 0x60000035ce40; bundleID='org.cocoapods.Alamofire', path='<DVTFilePath:0x600000c4d880:'/Users/nirmit/Desktop/DDS/DDS/build/Development-iphoneos/DDS.xcarchive/Products/Applications/DDS.app/Frameworks/Alamofire.framework'>', codeSigningInfo='<_DVTCodeSigningInformation_Path: 0x60000041bac0; isSigned='1', isAdHocSigned='0', signingCertificate='<DVTSigningCertificate: 0x6000010b7a70; name='Apple Development: Nirmit Dagly (67XV47QJX3)', hash='1413C41C24A4F91A3A7DF471F3BCD3CF7AFFF175', serialNumber='5C995B38903F5BD23DAB8570FE081587', certificateKinds='(
    "1.2.840.113635.100.6.1.12",
    "1.2.840.113635.100.6.1.2"
), issueDate='2023-04-02 23:29:34 +0000''>', entitlements='(null)', teamID='4XF5KZD4AY', identifier='org.cocoapods.Alamofire', executablePath='<DVTFilePath:0x600000c49880:'/Users/nirmit/Desktop/DDS/DDS/build/Development-iphoneos/DDS.xcarchive/Products/Applications/DDS.app/Frameworks/Alamofire.framework/Alamofire'>', hardenedRuntime='0'>'>: {
}
2023-06-27 14:03:42 +0000 [MT] Entitlements for <IDEDistributionItem: 0x60000035ce40; bundleID='org.cocoapods.Alamofire', path='<DVTFilePath:0x600000c4d880:'/Users/nirmit/Desktop/DDS/DDS/build/Development-iphoneos/DDS.xcarchive/Products/Applications/DDS.app/Frameworks/Alamofire.framework'>', codeSigningInfo='<_DVTCodeSigningInformation_Path: 0x60000041bac0; isSigned='1', isAdHocSigned='0', signingCertificate='<DVTSigningCertificate: 0x6000010b72e0; name='Apple Development: Nirmit Dagly (67XV47QJX3)', hash='1413C41C24A4F91A3A7DF471F3BCD3CF7AFFF175', serialNumber='5C995B38903F5BD23DAB8570FE081587', certificateKinds='(
    "1.2.840.113635.100.6.1.12",
    "1.2.840.113635.100.6.1.2"
), issueDate='2023-04-02 23:29:34 +0000''>', entitlements='(null)', teamID='4XF5KZD4AY', identifier='org.cocoapods.Alamofire', executablePath='<DVTFilePath:0x600000c49880:'/Users/nirmit/Desktop/DDS/DDS/build/Development-iphoneos/DDS.xcarchive/Products/Applications/DDS.app/Frameworks/Alamofire.framework/Alamofire'>', hardenedRuntime='0'>'> are: {
}
2023-06-27 14:03:42 +0000 [MT] Writing entitlements for <IDEDistributionItem: 0x60000035ce40; bundleID='org.cocoapods.Alamofire', path='<DVTFilePath:0x600000c4d880:'/Users/nirmit/Desktop/DDS/DDS/build/Development-iphoneos/DDS.xcarchive/Products/Applications/DDS.app/Frameworks/Alamofire.framework'>', codeSigningInfo='<_DVTCodeSigningInformation_Path: 0x60000041bac0; isSigned='1', isAdHocSigned='0', signingCertificate='<DVTSigningCertificate: 0x6000010b6ec0; name='Apple Development: Nirmit Dagly (67XV47QJX3)', hash='1413C41C24A4F91A3A7DF471F3BCD3CF7AFFF175', serialNumber='5C995B38903F5BD23DAB8570FE081587', certificateKinds='(
    "1.2.840.113635.100.6.1.12",
    "1.2.840.113635.100.6.1.2"
), issueDate='2023-04-02 23:29:34 +0000''>', entitlements='(null)', teamID='4XF5KZD4AY', identifier='org.cocoapods.Alamofire', executablePath='<DVTFilePath:0x600000c49880:'/Users/nirmit/Desktop/DDS/DDS/build/Development-iphoneos/DDS.xcarchive/Products/Applications/DDS.app/Frameworks/Alamofire.framework/Alamofire'>', hardenedRuntime='0'>'> to: /var/folders/lb/5xzvx5rj26x9cyp66357w7cr0000gn/T/XcodeDistPipeline.~~~DxTivb/entitlements~~~H5NlWC
2023-06-27 14:03:42 +0000 [MT] Running /usr/bin/codesign '-vvv' '--force' '--sign' '1413C41C24A4F91A3A7DF471F3BCD3CF7AFFF175' '--entitlements' '/var/folders/lb/5xzvx5rj26x9cyp66357w7cr0000gn/T/XcodeDistPipeline.~~~DxTivb/entitlements~~~H5NlWC' '--generate-entitlement-der' '--preserve-metadata=identifier,flags,runtime' '/var/folders/lb/5xzvx5rj26x9cyp66357w7cr0000gn/T/XcodeDistPipeline.~~~DxTivb/Root/Payload/DDS.app/Frameworks/Alamofire.framework'
2023-06-27 14:03:42 +0000  /var/folders/lb/5xzvx5rj26x9cyp66357w7cr0000gn/T/XcodeDistPipeline.~~~DxTivb/Root/Payload/DDS.app/Frameworks/Alamofire.framework: replacing existing signature
2023-06-27 14:03:42 +0000  /var/folders/lb/5xzvx5rj26x9cyp66357w7cr0000gn/T/XcodeDistPipeline.~~~DxTivb/Root/Payload/DDS.app/Frameworks/Alamofire.framework: signed bundle with Mach-O thin (arm64) [org.cocoapods.Alamofire]
2023-06-27 14:03:42 +0000 [MT] /usr/bin/codesign exited with 0
2023-06-27 14:03:42 +0000 [MT] Entitlements for <IDEDistributionItem: 0x60000035c660; bundleID='org.cocoapods.AlignedCollectionViewFlowLayout', path='<DVTFilePath:0x6000015d9d40:'/Users/nirmit/Desktop/DDS/DDS/build/Development-iphoneos/DDS.xcarchive/Products/Applications/DDS.app/Frameworks/AlignedCollectionViewFlowLayout.framework'>', codeSigningInfo='<_DVTCodeSigningInformation_Path: 0x600000408050; isSigned='1', isAdHocSigned='0', signingCertificate='<DVTSigningCertificate: 0x6000010d82c0; name='Apple Development: Nirmit Dagly (67XV47QJX3)', hash='1413C41C24A4F91A3A7DF471F3BCD3CF7AFFF175', serialNumber='5C995B38903F5BD23DAB8570FE081587', certificateKinds='(
    "1.2.840.113635.100.6.1.12",
    "1.2.840.113635.100.6.1.2"
), issueDate='2023-04-02 23:29:34 +0000''>', entitlements='(null)', teamID='4XF5KZD4AY', identifier='org.cocoapods.AlignedCollectionViewFlowLayout', executablePath='<DVTFilePath:0x6000008cad00:'/Users/nirmit/Desktop/DDS/DDS/build/Development-iphoneos/DDS.xcarchive/Products/Applications/DDS.app/Frameworks/AlignedCollectionViewFlowLayout.framework/AlignedCollectionViewFlowLayout'>', hardenedRuntime='0'>'>: {
}
2023-06-27 14:03:42 +0000 [MT] Entitlements for <IDEDistributionItem: 0x60000035c660; bundleID='org.cocoapods.AlignedCollectionViewFlowLayout', path='<DVTFilePath:0x6000015d9d40:'/Users/nirmit/Desktop/DDS/DDS/build/Development-iphoneos/DDS.xcarchive/Products/Applications/DDS.app/Frameworks/AlignedCollectionViewFlowLayout.framework'>', codeSigningInfo='<_DVTCodeSigningInformation_Path: 0x600000408050; isSigned='1', isAdHocSigned='0', signingCertificate='<DVTSigningCertificate: 0x6000010e5a20; name='Apple Development: Nirmit Dagly (67XV47QJX3)', hash='1413C41C24A4F91A3A7DF471F3BCD3CF7AFFF175', serialNumber='5C995B38903F5BD23DAB8570FE081587', certificateKinds='(
    "1.2.840.113635.100.6.1.12",
    "1.2.840.113635.100.6.1.2"
), issueDate='2023-04-02 23:29:34 +0000''>', entitlements='(null)', teamID='4XF5KZD4AY', identifier='org.cocoapods.AlignedCollectionViewFlowLayout', executablePath='<DVTFilePath:0x6000008cad00:'/Users/nirmit/Desktop/DDS/DDS/build/Development-iphoneos/DDS.xcarchive/Products/Applications/DDS.app/Frameworks/AlignedCollectionViewFlowLayout.framework/AlignedCollectionViewFlowLayout'>', hardenedRuntime='0'>'> are: {
}
2023-06-27 14:03:42 +0000 [MT] Writing entitlements for <IDEDistributionItem: 0x60000035c660; bundleID='org.cocoapods.AlignedCollectionViewFlowLayout', path='<DVTFilePath:0x6000015d9d40:'/Users/nirmit/Desktop/DDS/DDS/build/Development-iphoneos/DDS.xcarchive/Products/Applications/DDS.app/Frameworks/AlignedCollectionViewFlowLayout.framework'>', codeSigningInfo='<_DVTCodeSigningInformation_Path: 0x600000408050; isSigned='1', isAdHocSigned='0', signingCertificate='<DVTSigningCertificate: 0x6000010e5b80; name='Apple Development: Nirmit Dagly (67XV47QJX3)', hash='1413C41C24A4F91A3A7DF471F3BCD3CF7AFFF175', serialNumber='5C995B38903F5BD23DAB8570FE081587', certificateKinds='(
    "1.2.840.113635.100.6.1.12",
    "1.2.840.113635.100.6.1.2"
), issueDate='2023-04-02 23:29:34 +0000''>', entitlements='(null)', teamID='4XF5KZD4AY', identifier='org.cocoapods.AlignedCollectionViewFlowLayout', executablePath='<DVTFilePath:0x6000008cad00:'/Users/nirmit/Desktop/DDS/DDS/build/Development-iphoneos/DDS.xcarchive/Products/Applications/DDS.app/Frameworks/AlignedCollectionViewFlowLayout.framework/AlignedCollectionViewFlowLayout'>', hardenedRuntime='0'>'> to: /var/folders/lb/5xzvx5rj26x9cyp66357w7cr0000gn/T/XcodeDistPipeline.~~~DxTivb/entitlements~~~PfrssR
2023-06-27 14:03:42 +0000 [MT] Running /usr/bin/codesign '-vvv' '--force' '--sign' '1413C41C24A4F91A3A7DF471F3BCD3CF7AFFF175' '--entitlements' '/var/folders/lb/5xzvx5rj26x9cyp66357w7cr0000gn/T/XcodeDistPipeline.~~~DxTivb/entitlements~~~PfrssR' '--generate-entitlement-der' '--preserve-metadata=identifier,flags,runtime' '/var/folders/lb/5xzvx5rj26x9cyp66357w7cr0000gn/T/XcodeDistPipeline.~~~DxTivb/Root/Payload/DDS.app/Frameworks/AlignedCollectionViewFlowLayout.framework'
2023-06-27 14:03:42 +0000  /var/folders/lb/5xzvx5rj26x9cyp66357w7cr0000gn/T/XcodeDistPipeline.~~~DxTivb/Root/Payload/DDS.app/Frameworks/AlignedCollectionViewFlowLayout.framework: replacing existing signature
2023-06-27 14:03:42 +0000  /var/folders/lb/5xzvx5rj26x9cyp66357w7cr0000gn/T/XcodeDistPipeline.~~~DxTivb/Root/Payload/DDS.app/Frameworks/AlignedCollectionViewFlowLayout.framework: signed bundle with Mach-O thin (arm64) [org.cocoapods.AlignedCollectionViewFlowLayout]
2023-06-27 14:03:42 +0000 [MT] /usr/bin/codesign exited with 0
2023-06-27 14:03:42 +0000 [MT] Entitlements for <IDEDistributionItem: 0x600000358420; bundleID='org.cocoapods.FillableLoaders', path='<DVTFilePath:0x6000008cc000:'/Users/nirmit/Desktop/DDS/DDS/build/Development-iphoneos/DDS.xcarchive/Products/Applications/DDS.app/Frameworks/FillableLoaders.framework'>', codeSigningInfo='<_DVTCodeSigningInformation_Path: 0x60000040b4d0; isSigned='1', isAdHocSigned='0', signingCertificate='<DVTSigningCertificate: 0x6000010b7a70; name='Apple Development: Nirmit Dagly (67XV47QJX3)', hash='1413C41C24A4F91A3A7DF471F3BCD3CF7AFFF175', serialNumber='5C995B38903F5BD23DAB8570FE081587', certificateKinds='(
    "1.2.840.113635.100.6.1.12",
    "1.2.840.113635.100.6.1.2"
), issueDate='2023-04-02 23:29:34 +0000''>', entitlements='(null)', teamID='4XF5KZD4AY', identifier='org.cocoapods.FillableLoaders', executablePath='<DVTFilePath:0x600000c48c40:'/Users/nirmit/Desktop/DDS/DDS/build/Development-iphoneos/DDS.xcarchive/Products/Applications/DDS.app/Frameworks/FillableLoaders.framework/FillableLoaders'>', hardenedRuntime='0'>'>: {
}
2023-06-27 14:03:42 +0000 [MT] Entitlements for <IDEDistributionItem: 0x600000358420; bundleID='org.cocoapods.FillableLoaders', path='<DVTFilePath:0x6000008cc000:'/Users/nirmit/Desktop/DDS/DDS/build/Development-iphoneos/DDS.xcarchive/Products/Applications/DDS.app/Frameworks/FillableLoaders.framework'>', codeSigningInfo='<_DVTCodeSigningInformation_Path: 0x60000040b4d0; isSigned='1', isAdHocSigned='0', signingCertificate='<DVTSigningCertificate: 0x6000010b72e0; name='Apple Development: Nirmit Dagly (67XV47QJX3)', hash='1413C41C24A4F91A3A7DF471F3BCD3CF7AFFF175', serialNumber='5C995B38903F5BD23DAB8570FE081587', certificateKinds='(
    "1.2.840.113635.100.6.1.12",
    "1.2.840.113635.100.6.1.2"
), issueDate='2023-04-02 23:29:34 +0000''>', entitlements='(null)', teamID='4XF5KZD4AY', identifier='org.cocoapods.FillableLoaders', executablePath='<DVTFilePath:0x600000c48c40:'/Users/nirmit/Desktop/DDS/DDS/build/Development-iphoneos/DDS.xcarchive/Products/Applications/DDS.app/Frameworks/FillableLoaders.framework/FillableLoaders'>', hardenedRuntime='0'>'> are: {
}
2023-06-27 14:03:42 +0000 [MT] Writing entitlements for <IDEDistributionItem: 0x600000358420; bundleID='org.cocoapods.FillableLoaders', path='<DVTFilePath:0x6000008cc000:'/Users/nirmit/Desktop/DDS/DDS/build/Development-iphoneos/DDS.xcarchive/Products/Applications/DDS.app/Frameworks/FillableLoaders.framework'>', codeSigningInfo='<_DVTCodeSigningInformation_Path: 0x60000040b4d0; isSigned='1', isAdHocSigned='0', signingCertificate='<DVTSigningCertificate: 0x6000010b6ec0; name='Apple Development: Nirmit Dagly (67XV47QJX3)', hash='1413C41C24A4F91A3A7DF471F3BCD3CF7AFFF175', serialNumber='5C995B38903F5BD23DAB8570FE081587', certificateKinds='(
    "1.2.840.113635.100.6.1.12",
    "1.2.840.113635.100.6.1.2"
), issueDate='2023-04-02 23:29:34 +0000''>', entitlements='(null)', teamID='4XF5KZD4AY', identifier='org.cocoapods.FillableLoaders', executablePath='<DVTFilePath:0x600000c48c40:'/Users/nirmit/Desktop/DDS/DDS/build/Development-iphoneos/DDS.xcarchive/Products/Applications/DDS.app/Frameworks/FillableLoaders.framework/FillableLoaders'>', hardenedRuntime='0'>'> to: /var/folders/lb/5xzvx5rj26x9cyp66357w7cr0000gn/T/XcodeDistPipeline.~~~DxTivb/entitlements~~~8LFvAi
2023-06-27 14:03:42 +0000 [MT] Running /usr/bin/codesign '-vvv' '--force' '--sign' '1413C41C24A4F91A3A7DF471F3BCD3CF7AFFF175' '--entitlements' '/var/folders/lb/5xzvx5rj26x9cyp66357w7cr0000gn/T/XcodeDistPipeline.~~~DxTivb/entitlements~~~8LFvAi' '--generate-entitlement-der' '--preserve-metadata=identifier,flags,runtime' '/var/folders/lb/5xzvx5rj26x9cyp66357w7cr0000gn/T/XcodeDistPipeline.~~~DxTivb/Root/Payload/DDS.app/Frameworks/FillableLoaders.framework'
2023-06-27 14:03:42 +0000  /var/folders/lb/5xzvx5rj26x9cyp66357w7cr0000gn/T/XcodeDistPipeline.~~~DxTivb/Root/Payload/DDS.app/Frameworks/FillableLoaders.framework: replacing existing signature
2023-06-27 14:03:42 +0000  /var/folders/lb/5xzvx5rj26x9cyp66357w7cr0000gn/T/XcodeDistPipeline.~~~DxTivb/Root/Payload/DDS.app/Frameworks/FillableLoaders.framework: signed bundle with Mach-O thin (arm64) [org.cocoapods.FillableLoaders]
2023-06-27 14:03:42 +0000 [MT] /usr/bin/codesign exited with 0
2023-06-27 14:03:42 +0000 [MT] Entitlements for <IDEDistributionItem: 0x6000003fc360; bundleID='org.cocoapods.IQKeyboardManagerSwift', path='<DVTFilePath:0x6000008cd180:'/Users/nirmit/Desktop/DDS/DDS/build/Development-iphoneos/DDS.xcarchive/Products/Applications/DDS.app/Frameworks/IQKeyboardManagerSwift.framework'>', codeSigningInfo='<_DVTCodeSigningInformation_Path: 0x600000404460; isSigned='1', isAdHocSigned='0', signingCertificate='<DVTSigningCertificate: 0x6000010f4a50; name='Apple Development: Nirmit Dagly (67XV47QJX3)', hash='1413C41C24A4F91A3A7DF471F3BCD3CF7AFFF175', serialNumber='5C995B38903F5BD23DAB8570FE081587', certificateKinds='(
    "1.2.840.113635.100.6.1.12",
    "1.2.840.113635.100.6.1.2"
), issueDate='2023-04-02 23:29:34 +0000''>', entitlements='(null)', teamID='4XF5KZD4AY', identifier='org.cocoapods.IQKeyboardManagerSwift', executablePath='<DVTFilePath:0x600000cc99d0:'/Users/nirmit/Desktop/DDS/DDS/build/Development-iphoneos/DDS.xcarchive/Products/Applications/DDS.app/Frameworks/IQKeyboardManagerSwift.framework/IQKeyboardManagerSwift'>', hardenedRuntime='0'>'>: {
}
2023-06-27 14:03:42 +0000 [MT] Entitlements for <IDEDistributionItem: 0x6000003fc360; bundleID='org.cocoapods.IQKeyboardManagerSwift', path='<DVTFilePath:0x6000008cd180:'/Users/nirmit/Desktop/DDS/DDS/build/Development-iphoneos/DDS.xcarchive/Products/Applications/DDS.app/Frameworks/IQKeyboardManagerSwift.framework'>', codeSigningInfo='<_DVTCodeSigningInformation_Path: 0x600000404460; isSigned='1', isAdHocSigned='0', signingCertificate='<DVTSigningCertificate: 0x6000010b77b0; name='Apple Development: Nirmit Dagly (67XV47QJX3)', hash='1413C41C24A4F91A3A7DF471F3BCD3CF7AFFF175', serialNumber='5C995B38903F5BD23DAB8570FE081587', certificateKinds='(
    "1.2.840.113635.100.6.1.12",
    "1.2.840.113635.100.6.1.2"
), issueDate='2023-04-02 23:29:34 +0000''>', entitlements='(null)', teamID='4XF5KZD4AY', identifier='org.cocoapods.IQKeyboardManagerSwift', executablePath='<DVTFilePath:0x600000cc99d0:'/Users/nirmit/Desktop/DDS/DDS/build/Development-iphoneos/DDS.xcarchive/Products/Applications/DDS.app/Frameworks/IQKeyboardManagerSwift.framework/IQKeyboardManagerSwift'>', hardenedRuntime='0'>'> are: {
}
2023-06-27 14:03:42 +0000 [MT] Writing entitlements for <IDEDistributionItem: 0x6000003fc360; bundleID='org.cocoapods.IQKeyboardManagerSwift', path='<DVTFilePath:0x6000008cd180:'/Users/nirmit/Desktop/DDS/DDS/build/Development-iphoneos/DDS.xcarchive/Products/Applications/DDS.app/Frameworks/IQKeyboardManagerSwift.framework'>', codeSigningInfo='<_DVTCodeSigningInformation_Path: 0x600000404460; isSigned='1', isAdHocSigned='0', signingCertificate='<DVTSigningCertificate: 0x6000010b72e0; name='Apple Development: Nirmit Dagly (67XV47QJX3)', hash='1413C41C24A4F91A3A7DF471F3BCD3CF7AFFF175', serialNumber='5C995B38903F5BD23DAB8570FE081587', certificateKinds='(
    "1.2.840.113635.100.6.1.12",
    "1.2.840.113635.100.6.1.2"
), issueDate='2023-04-02 23:29:34 +0000''>', entitlements='(null)', teamID='4XF5KZD4AY', identifier='org.cocoapods.IQKeyboardManagerSwift', executablePath='<DVTFilePath:0x600000cc99d0:'/Users/nirmit/Desktop/DDS/DDS/build/Development-iphoneos/DDS.xcarchive/Products/Applications/DDS.app/Frameworks/IQKeyboardManagerSwift.framework/IQKeyboardManagerSwift'>', hardenedRuntime='0'>'> to: /var/folders/lb/5xzvx5rj26x9cyp66357w7cr0000gn/T/XcodeDistPipeline.~~~DxTivb/entitlements~~~sX8iQE
2023-06-27 14:03:42 +0000 [MT] Running /usr/bin/codesign '-vvv' '--force' '--sign' '1413C41C24A4F91A3A7DF471F3BCD3CF7AFFF175' '--entitlements' '/var/folders/lb/5xzvx5rj26x9cyp66357w7cr0000gn/T/XcodeDistPipeline.~~~DxTivb/entitlements~~~sX8iQE' '--generate-entitlement-der' '--preserve-metadata=identifier,flags,runtime' '/var/folders/lb/5xzvx5rj26x9cyp66357w7cr0000gn/T/XcodeDistPipeline.~~~DxTivb/Root/Payload/DDS.app/Frameworks/IQKeyboardManagerSwift.framework'
2023-06-27 14:03:42 +0000  /var/folders/lb/5xzvx5rj26x9cyp66357w7cr0000gn/T/XcodeDistPipeline.~~~DxTivb/Root/Payload/DDS.app/Frameworks/IQKeyboardManagerSwift.framework: replacing existing signature
2023-06-27 14:03:42 +0000  /var/folders/lb/5xzvx5rj26x9cyp66357w7cr0000gn/T/XcodeDistPipeline.~~~DxTivb/Root/Payload/DDS.app/Frameworks/IQKeyboardManagerSwift.framework: signed bundle with Mach-O thin (arm64) [org.cocoapods.IQKeyboardManagerSwift]
2023-06-27 14:03:42 +0000 [MT] /usr/bin/codesign exited with 0
2023-06-27 14:03:42 +0000 [MT] Entitlements for <IDEDistributionItem: 0x60000035ca80; bundleID='org.cocoapods.NDT7', path='<DVTFilePath:0x600000c4c7e0:'/Users/nirmit/Desktop/DDS/DDS/build/Development-iphoneos/DDS.xcarchive/Products/Applications/DDS.app/Frameworks/NDT7.framework'>', codeSigningInfo='<_DVTCodeSigningInformation_Path: 0x60000040b520; isSigned='1', isAdHocSigned='0', signingCertificate='<DVTSigningCertificate: 0x6000010b77b0; name='Apple Development: Nirmit Dagly (67XV47QJX3)', hash='1413C41C24A4F91A3A7DF471F3BCD3CF7AFFF175', serialNumber='5C995B38903F5BD23DAB8570FE081587', certificateKinds='(
    "1.2.840.113635.100.6.1.12",
    "1.2.840.113635.100.6.1.2"
), issueDate='2023-04-02 23:29:34 +0000''>', entitlements='(null)', teamID='4XF5KZD4AY', identifier='org.cocoapods.NDT7', executablePath='<DVTFilePath:0x600000367480:'/Users/nirmit/Desktop/DDS/DDS/build/Development-iphoneos/DDS.xcarchive/Products/Applications/DDS.app/Frameworks/NDT7.framework/NDT7'>', hardenedRuntime='0'>'>: {
}
2023-06-27 14:03:42 +0000 [MT] Entitlements for <IDEDistributionItem: 0x60000035ca80; bundleID='org.cocoapods.NDT7', path='<DVTFilePath:0x600000c4c7e0:'/Users/nirmit/Desktop/DDS/DDS/build/Development-iphoneos/DDS.xcarchive/Products/Applications/DDS.app/Frameworks/NDT7.framework'>', codeSigningInfo='<_DVTCodeSigningInformation_Path: 0x60000040b520; isSigned='1', isAdHocSigned='0', signingCertificate='<DVTSigningCertificate: 0x6000010b6ec0; name='Apple Development: Nirmit Dagly (67XV47QJX3)', hash='1413C41C24A4F91A3A7DF471F3BCD3CF7AFFF175', serialNumber='5C995B38903F5BD23DAB8570FE081587', certificateKinds='(
    "1.2.840.113635.100.6.1.12",
    "1.2.840.113635.100.6.1.2"
), issueDate='2023-04-02 23:29:34 +0000''>', entitlements='(null)', teamID='4XF5KZD4AY', identifier='org.cocoapods.NDT7', executablePath='<DVTFilePath:0x600000367480:'/Users/nirmit/Desktop/DDS/DDS/build/Development-iphoneos/DDS.xcarchive/Products/Applications/DDS.app/Frameworks/NDT7.framework/NDT7'>', hardenedRuntime='0'>'> are: {
}
2023-06-27 14:03:42 +0000 [MT] Writing entitlements for <IDEDistributionItem: 0x60000035ca80; bundleID='org.cocoapods.NDT7', path='<DVTFilePath:0x600000c4c7e0:'/Users/nirmit/Desktop/DDS/DDS/build/Development-iphoneos/DDS.xcarchive/Products/Applications/DDS.app/Frameworks/NDT7.framework'>', codeSigningInfo='<_DVTCodeSigningInformation_Path: 0x60000040b520; isSigned='1', isAdHocSigned='0', signingCertificate='<DVTSigningCertificate: 0x6000010b7de0; name='Apple Development: Nirmit Dagly (67XV47QJX3)', hash='1413C41C24A4F91A3A7DF471F3BCD3CF7AFFF175', serialNumber='5C995B38903F5BD23DAB8570FE081587', certificateKinds='(
    "1.2.840.113635.100.6.1.12",
    "1.2.840.113635.100.6.1.2"
), issueDate='2023-04-02 23:29:34 +0000''>', entitlements='(null)', teamID='4XF5KZD4AY', identifier='org.cocoapods.NDT7', executablePath='<DVTFilePath:0x600000367480:'/Users/nirmit/Desktop/DDS/DDS/build/Development-iphoneos/DDS.xcarchive/Products/Applications/DDS.app/Frameworks/NDT7.framework/NDT7'>', hardenedRuntime='0'>'> to: /var/folders/lb/5xzvx5rj26x9cyp66357w7cr0000gn/T/XcodeDistPipeline.~~~DxTivb/entitlements~~~X1pTJD
2023-06-27 14:03:42 +0000 [MT] Running /usr/bin/codesign '-vvv' '--force' '--sign' '1413C41C24A4F91A3A7DF471F3BCD3CF7AFFF175' '--entitlements' '/var/folders/lb/5xzvx5rj26x9cyp66357w7cr0000gn/T/XcodeDistPipeline.~~~DxTivb/entitlements~~~X1pTJD' '--generate-entitlement-der' '--preserve-metadata=identifier,flags,runtime' '/var/folders/lb/5xzvx5rj26x9cyp66357w7cr0000gn/T/XcodeDistPipeline.~~~DxTivb/Root/Payload/DDS.app/Frameworks/NDT7.framework'
2023-06-27 14:03:43 +0000  /var/folders/lb/5xzvx5rj26x9cyp66357w7cr0000gn/T/XcodeDistPipeline.~~~DxTivb/Root/Payload/DDS.app/Frameworks/NDT7.framework: replacing existing signature
2023-06-27 14:03:43 +0000  /var/folders/lb/5xzvx5rj26x9cyp66357w7cr0000gn/T/XcodeDistPipeline.~~~DxTivb/Root/Payload/DDS.app/Frameworks/NDT7.framework: signed bundle with Mach-O thin (arm64) [org.cocoapods.NDT7]
2023-06-27 14:03:43 +0000 [MT] /usr/bin/codesign exited with 0
2023-06-27 14:03:43 +0000 [MT] Entitlements for <IDEDistributionItem: 0x6000003de280; bundleID='org.cocoapods.NVActivityIndicatorView', path='<DVTFilePath:0x6000008cf000:'/Users/nirmit/Desktop/DDS/DDS/build/Development-iphoneos/DDS.xcarchive/Products/Applications/DDS.app/Frameworks/NVActivityIndicatorView.framework'>', codeSigningInfo='<_DVTCodeSigningInformation_Path: 0x6000004e72f0; isSigned='1', isAdHocSigned='0', signingCertificate='<DVTSigningCertificate: 0x6000010f4a50; name='Apple Development: Nirmit Dagly (67XV47QJX3)', hash='1413C41C24A4F91A3A7DF471F3BCD3CF7AFFF175', serialNumber='5C995B38903F5BD23DAB8570FE081587', certificateKinds='(
    "1.2.840.113635.100.6.1.12",
    "1.2.840.113635.100.6.1.2"
), issueDate='2023-04-02 23:29:34 +0000''>', entitlements='(null)', teamID='4XF5KZD4AY', identifier='org.cocoapods.NVActivityIndicatorView', executablePath='<DVTFilePath:0x600000cfca10:'/Users/nirmit/Desktop/DDS/DDS/build/Development-iphoneos/DDS.xcarchive/Products/Applications/DDS.app/Frameworks/NVActivityIndicatorView.framework/NVActivityIndicatorView'>', hardenedRuntime='0'>'>: {
}
2023-06-27 14:03:43 +0000 [MT] Entitlements for <IDEDistributionItem: 0x6000003de280; bundleID='org.cocoapods.NVActivityIndicatorView', path='<DVTFilePath:0x6000008cf000:'/Users/nirmit/Desktop/DDS/DDS/build/Development-iphoneos/DDS.xcarchive/Products/Applications/DDS.app/Frameworks/NVActivityIndicatorView.framework'>', codeSigningInfo='<_DVTCodeSigningInformation_Path: 0x6000004e72f0; isSigned='1', isAdHocSigned='0', signingCertificate='<DVTSigningCertificate: 0x6000010b77b0; name='Apple Development: Nirmit Dagly (67XV47QJX3)', hash='1413C41C24A4F91A3A7DF471F3BCD3CF7AFFF175', serialNumber='5C995B38903F5BD23DAB8570FE081587', certificateKinds='(
    "1.2.840.113635.100.6.1.12",
    "1.2.840.113635.100.6.1.2"
), issueDate='2023-04-02 23:29:34 +0000''>', entitlements='(null)', teamID='4XF5KZD4AY', identifier='org.cocoapods.NVActivityIndicatorView', executablePath='<DVTFilePath:0x600000cfca10:'/Users/nirmit/Desktop/DDS/DDS/build/Development-iphoneos/DDS.xcarchive/Products/Applications/DDS.app/Frameworks/NVActivityIndicatorView.framework/NVActivityIndicatorView'>', hardenedRuntime='0'>'> are: {
}
2023-06-27 14:03:43 +0000 [MT] Writing entitlements for <IDEDistributionItem: 0x6000003de280; bundleID='org.cocoapods.NVActivityIndicatorView', path='<DVTFilePath:0x6000008cf000:'/Users/nirmit/Desktop/DDS/DDS/build/Development-iphoneos/DDS.xcarchive/Products/Applications/DDS.app/Frameworks/NVActivityIndicatorView.framework'>', codeSigningInfo='<_DVTCodeSigningInformation_Path: 0x6000004e72f0; isSigned='1', isAdHocSigned='0', signingCertificate='<DVTSigningCertificate: 0x6000010b72e0; name='Apple Development: Nirmit Dagly (67XV47QJX3)', hash='1413C41C24A4F91A3A7DF471F3BCD3CF7AFFF175', serialNumber='5C995B38903F5BD23DAB8570FE081587', certificateKinds='(
    "1.2.840.113635.100.6.1.12",
    "1.2.840.113635.100.6.1.2"
), issueDate='2023-04-02 23:29:34 +0000''>', entitlements='(null)', teamID='4XF5KZD4AY', identifier='org.cocoapods.NVActivityIndicatorView', executablePath='<DVTFilePath:0x600000cfca10:'/Users/nirmit/Desktop/DDS/DDS/build/Development-iphoneos/DDS.xcarchive/Products/Applications/DDS.app/Frameworks/NVActivityIndicatorView.framework/NVActivityIndicatorView'>', hardenedRuntime='0'>'> to: /var/folders/lb/5xzvx5rj26x9cyp66357w7cr0000gn/T/XcodeDistPipeline.~~~DxTivb/entitlements~~~TghZNM
2023-06-27 14:03:43 +0000 [MT] Running /usr/bin/codesign '-vvv' '--force' '--sign' '1413C41C24A4F91A3A7DF471F3BCD3CF7AFFF175' '--entitlements' '/var/folders/lb/5xzvx5rj26x9cyp66357w7cr0000gn/T/XcodeDistPipeline.~~~DxTivb/entitlements~~~TghZNM' '--generate-entitlement-der' '--preserve-metadata=identifier,flags,runtime' '/var/folders/lb/5xzvx5rj26x9cyp66357w7cr0000gn/T/XcodeDistPipeline.~~~DxTivb/Root/Payload/DDS.app/Frameworks/NVActivityIndicatorView.framework'
2023-06-27 14:03:43 +0000  /var/folders/lb/5xzvx5rj26x9cyp66357w7cr0000gn/T/XcodeDistPipeline.~~~DxTivb/Root/Payload/DDS.app/Frameworks/NVActivityIndicatorView.framework: replacing existing signature
2023-06-27 14:03:43 +0000  /var/folders/lb/5xzvx5rj26x9cyp66357w7cr0000gn/T/XcodeDistPipeline.~~~DxTivb/Root/Payload/DDS.app/Frameworks/NVActivityIndicatorView.framework: signed bundle with Mach-O thin (arm64) [org.cocoapods.NVActivityIndicatorView]
2023-06-27 14:03:43 +0000 [MT] /usr/bin/codesign exited with 0
2023-06-27 14:03:43 +0000 [MT] Entitlements for <IDEDistributionItem: 0x600000358480; bundleID='org.cocoapods.SDWebImage', path='<DVTFilePath:0x600000c4db20:'/Users/nirmit/Desktop/DDS/DDS/build/Development-iphoneos/DDS.xcarchive/Products/Applications/DDS.app/Frameworks/SDWebImage.framework'>', codeSigningInfo='<_DVTCodeSigningInformation_Path: 0x6000004047d0; isSigned='1', isAdHocSigned='0', signingCertificate='<DVTSigningCertificate: 0x6000010f4a50; name='Apple Development: Nirmit Dagly (67XV47QJX3)', hash='1413C41C24A4F91A3A7DF471F3BCD3CF7AFFF175', serialNumber='5C995B38903F5BD23DAB8570FE081587', certificateKinds='(
    "1.2.840.113635.100.6.1.12",
    "1.2.840.113635.100.6.1.2"
), issueDate='2023-04-02 23:29:34 +0000''>', entitlements='(null)', teamID='4XF5KZD4AY', identifier='org.cocoapods.SDWebImage', executablePath='<DVTFilePath:0x600000c49a40:'/Users/nirmit/Desktop/DDS/DDS/build/Development-iphoneos/DDS.xcarchive/Products/Applications/DDS.app/Frameworks/SDWebImage.framework/SDWebImage'>', hardenedRuntime='0'>'>: {
}
2023-06-27 14:03:43 +0000 [MT] Entitlements for <IDEDistributionItem: 0x600000358480; bundleID='org.cocoapods.SDWebImage', path='<DVTFilePath:0x600000c4db20:'/Users/nirmit/Desktop/DDS/DDS/build/Development-iphoneos/DDS.xcarchive/Products/Applications/DDS.app/Frameworks/SDWebImage.framework'>', codeSigningInfo='<_DVTCodeSigningInformation_Path: 0x6000004047d0; isSigned='1', isAdHocSigned='0', signingCertificate='<DVTSigningCertificate: 0x6000010b77b0; name='Apple Development: Nirmit Dagly (67XV47QJX3)', hash='1413C41C24A4F91A3A7DF471F3BCD3CF7AFFF175', serialNumber='5C995B38903F5BD23DAB8570FE081587', certificateKinds='(
    "1.2.840.113635.100.6.1.12",
    "1.2.840.113635.100.6.1.2"
), issueDate='2023-04-02 23:29:34 +0000''>', entitlements='(null)', teamID='4XF5KZD4AY', identifier='org.cocoapods.SDWebImage', executablePath='<DVTFilePath:0x600000c49a40:'/Users/nirmit/Desktop/DDS/DDS/build/Development-iphoneos/DDS.xcarchive/Products/Applications/DDS.app/Frameworks/SDWebImage.framework/SDWebImage'>', hardenedRuntime='0'>'> are: {
}
2023-06-27 14:03:43 +0000 [MT] Writing entitlements for <IDEDistributionItem: 0x600000358480; bundleID='org.cocoapods.SDWebImage', path='<DVTFilePath:0x600000c4db20:'/Users/nirmit/Desktop/DDS/DDS/build/Development-iphoneos/DDS.xcarchive/Products/Applications/DDS.app/Frameworks/SDWebImage.framework'>', codeSigningInfo='<_DVTCodeSigningInformation_Path: 0x6000004047d0; isSigned='1', isAdHocSigned='0', signingCertificate='<DVTSigningCertificate: 0x6000010b72e0; name='Apple Development: Nirmit Dagly (67XV47QJX3)', hash='1413C41C24A4F91A3A7DF471F3BCD3CF7AFFF175', serialNumber='5C995B38903F5BD23DAB8570FE081587', certificateKinds='(
    "1.2.840.113635.100.6.1.12",
    "1.2.840.113635.100.6.1.2"
), issueDate='2023-04-02 23:29:34 +0000''>', entitlements='(null)', teamID='4XF5KZD4AY', identifier='org.cocoapods.SDWebImage', executablePath='<DVTFilePath:0x600000c49a40:'/Users/nirmit/Desktop/DDS/DDS/build/Development-iphoneos/DDS.xcarchive/Products/Applications/DDS.app/Frameworks/SDWebImage.framework/SDWebImage'>', hardenedRuntime='0'>'> to: /var/folders/lb/5xzvx5rj26x9cyp66357w7cr0000gn/T/XcodeDistPipeline.~~~DxTivb/entitlements~~~eXX3Lt
2023-06-27 14:03:43 +0000 [MT] Running /usr/bin/codesign '-vvv' '--force' '--sign' '1413C41C24A4F91A3A7DF471F3BCD3CF7AFFF175' '--entitlements' '/var/folders/lb/5xzvx5rj26x9cyp66357w7cr0000gn/T/XcodeDistPipeline.~~~DxTivb/entitlements~~~eXX3Lt' '--generate-entitlement-der' '--preserve-metadata=identifier,flags,runtime' '/var/folders/lb/5xzvx5rj26x9cyp66357w7cr0000gn/T/XcodeDistPipeline.~~~DxTivb/Root/Payload/DDS.app/Frameworks/SDWebImage.framework'
2023-06-27 14:03:43 +0000  /var/folders/lb/5xzvx5rj26x9cyp66357w7cr0000gn/T/XcodeDistPipeline.~~~DxTivb/Root/Payload/DDS.app/Frameworks/SDWebImage.framework: replacing existing signature
2023-06-27 14:03:43 +0000  /var/folders/lb/5xzvx5rj26x9cyp66357w7cr0000gn/T/XcodeDistPipeline.~~~DxTivb/Root/Payload/DDS.app/Frameworks/SDWebImage.framework: signed bundle with Mach-O thin (arm64) [org.cocoapods.SDWebImage]
2023-06-27 14:03:43 +0000 [MT] /usr/bin/codesign exited with 0
2023-06-27 14:03:43 +0000 [MT] Entitlements for <IDEDistributionItem: 0x60000035d500; bundleID='au.com.DDS', path='<DVTFilePath:0x600000363d80:'/Users/nirmit/Desktop/DDS/DDS/build/Development-iphoneos/DDS.xcarchive/Products/Applications/DDS.app'>', codeSigningInfo='<_DVTCodeSigningInformation_Path: 0x600000419c70; isSigned='1', isAdHocSigned='0', signingCertificate='<DVTSigningCertificate: 0x6000010f4a50; name='Apple Development: Nirmit Dagly (67XV47QJX3)', hash='1413C41C24A4F91A3A7DF471F3BCD3CF7AFFF175', serialNumber='5C995B38903F5BD23DAB8570FE081587', certificateKinds='(
    "1.2.840.113635.100.6.1.12",
    "1.2.840.113635.100.6.1.2"
), issueDate='2023-04-02 23:29:34 +0000''>', entitlements='{
    "application-identifier" = "4XF5KZD4AY.au.com.DDS";
    "aps-environment" = development;
    "com.apple.developer.networking.wifi-info" = 1;
    "com.apple.developer.team-identifier" = 4XF5KZD4AY;
    "get-task-allow" = 1;
}', teamID='4XF5KZD4AY', identifier='au.com.DDS', executablePath='<DVTFilePath:0x600000366820:'/Users/nirmit/Desktop/DDS/DDS/build/Development-iphoneos/DDS.xcarchive/Products/Applications/DDS.app/DDS'>', hardenedRuntime='0'>'>: {
    "application-identifier" = "4XF5KZD4AY.au.com.DDS";
    "aps-environment" = development;
    "com.apple.developer.networking.wifi-info" = 1;
    "com.apple.developer.team-identifier" = 4XF5KZD4AY;
    "get-task-allow" = 1;
}
2023-06-27 14:03:43 +0000 [MT] Entitlements for <IDEDistributionItem: 0x60000035d500; bundleID='au.com.DDS', path='<DVTFilePath:0x600000363d80:'/Users/nirmit/Desktop/DDS/DDS/build/Development-iphoneos/DDS.xcarchive/Products/Applications/DDS.app'>', codeSigningInfo='<_DVTCodeSigningInformation_Path: 0x600000419c70; isSigned='1', isAdHocSigned='0', signingCertificate='<DVTSigningCertificate: 0x6000010b77b0; name='Apple Development: Nirmit Dagly (67XV47QJX3)', hash='1413C41C24A4F91A3A7DF471F3BCD3CF7AFFF175', serialNumber='5C995B38903F5BD23DAB8570FE081587', certificateKinds='(
    "1.2.840.113635.100.6.1.12",
    "1.2.840.113635.100.6.1.2"
), issueDate='2023-04-02 23:29:34 +0000''>', entitlements='{
    "application-identifier" = "4XF5KZD4AY.au.com.DDS";
    "aps-environment" = development;
    "com.apple.developer.networking.wifi-info" = 1;
    "com.apple.developer.team-identifier" = 4XF5KZD4AY;
    "get-task-allow" = 1;
}', teamID='4XF5KZD4AY', identifier='au.com.DDS', executablePath='<DVTFilePath:0x600000366820:'/Users/nirmit/Desktop/DDS/DDS/build/Development-iphoneos/DDS.xcarchive/Products/Applications/DDS.app/DDS'>', hardenedRuntime='0'>'> are: {
    "application-identifier" = "4XF5KZD4AY.au.com.DDS";
    "aps-environment" = development;
    "com.apple.developer.networking.wifi-info" = 1;
    "com.apple.developer.team-identifier" = 4XF5KZD4AY;
    "get-task-allow" = 1;
}
2023-06-27 14:03:43 +0000 [MT] Writing entitlements for <IDEDistributionItem: 0x60000035d500; bundleID='au.com.DDS', path='<DVTFilePath:0x600000363d80:'/Users/nirmit/Desktop/DDS/DDS/build/Development-iphoneos/DDS.xcarchive/Products/Applications/DDS.app'>', codeSigningInfo='<_DVTCodeSigningInformation_Path: 0x600000419c70; isSigned='1', isAdHocSigned='0', signingCertificate='<DVTSigningCertificate: 0x6000010b7440; name='Apple Development: Nirmit Dagly (67XV47QJX3)', hash='1413C41C24A4F91A3A7DF471F3BCD3CF7AFFF175', serialNumber='5C995B38903F5BD23DAB8570FE081587', certificateKinds='(
    "1.2.840.113635.100.6.1.12",
    "1.2.840.113635.100.6.1.2"
), issueDate='2023-04-02 23:29:34 +0000''>', entitlements='{
    "application-identifier" = "4XF5KZD4AY.au.com.DDS";
    "aps-environment" = development;
    "com.apple.developer.networking.wifi-info" = 1;
    "com.apple.developer.team-identifier" = 4XF5KZD4AY;
    "get-task-allow" = 1;
}', teamID='4XF5KZD4AY', identifier='au.com.DDS', executablePath='<DVTFilePath:0x600000366820:'/Users/nirmit/Desktop/DDS/DDS/build/Development-iphoneos/DDS.xcarchive/Products/Applications/DDS.app/DDS'>', hardenedRuntime='0'>'> to: /var/folders/lb/5xzvx5rj26x9cyp66357w7cr0000gn/T/XcodeDistPipeline.~~~DxTivb/entitlements~~~19L2pm
2023-06-27 14:03:43 +0000 [MT] Running /usr/bin/codesign '-vvv' '--force' '--sign' '1413C41C24A4F91A3A7DF471F3BCD3CF7AFFF175' '--entitlements' '/var/folders/lb/5xzvx5rj26x9cyp66357w7cr0000gn/T/XcodeDistPipeline.~~~DxTivb/entitlements~~~19L2pm' '--generate-entitlement-der' '--preserve-metadata=identifier,flags,runtime' '/var/folders/lb/5xzvx5rj26x9cyp66357w7cr0000gn/T/XcodeDistPipeline.~~~DxTivb/Root/Payload/DDS.app'
2023-06-27 14:03:43 +0000  /var/folders/lb/5xzvx5rj26x9cyp66357w7cr0000gn/T/XcodeDistPipeline.~~~DxTivb/Root/Payload/DDS.app: replacing existing signature
2023-06-27 14:03:43 +0000  /var/folders/lb/5xzvx5rj26x9cyp66357w7cr0000gn/T/XcodeDistPipeline.~~~DxTivb/Root/Payload/DDS.app: signed app bundle with Mach-O thin (arm64) [au.com.DDS]
2023-06-27 14:03:43 +0000 [MT] /usr/bin/codesign exited with 0
2023-06-27 14:03:43 +0000 [MT] Processing step: IDEDistributionZipODRItemStep
2023-06-27 14:03:43 +0000 [MT] Skipping step: IDEDistributionZipODRItemStep because it said so
2023-06-27 14:03:43 +0000 [MT] Skipping step: IDEDistributionZipODRItemStep because it said so
2023-06-27 14:03:43 +0000 [MT] Skipping step: IDEDistributionZipODRItemStep because it said so
2023-06-27 14:03:43 +0000 [MT] Skipping step: IDEDistributionZipODRItemStep because it said so
2023-06-27 14:03:43 +0000 [MT] Skipping step: IDEDistributionZipODRItemStep because it said so
2023-06-27 14:03:43 +0000 [MT] Skipping step: IDEDistributionZipODRItemStep because it said so
2023-06-27 14:03:43 +0000 [MT] Skipping step: IDEDistributionZipODRItemStep because it said so
2023-06-27 14:03:43 +0000 [MT] Skipping step: IDEDistributionZipODRItemStep because it said so
2023-06-27 14:03:43 +0000 [MT] Processing step: IDEDistributionCreateIPAStep
2023-06-27 14:03:43 +0000 [MT] Running /usr/bin/ditto '-V' '-c' '-k' '--norsrc' '/var/folders/lb/5xzvx5rj26x9cyp66357w7cr0000gn/T/XcodeDistPipeline.~~~DxTivb/Root' '/var/folders/lb/5xzvx5rj26x9cyp66357w7cr0000gn/T/XcodeDistPipeline.~~~DxTivb/Packages/DDS.ipa'
2023-06-27 14:03:43 +0000  >>> Copying /var/folders/lb/5xzvx5rj26x9cyp66357w7cr0000gn/T/XcodeDistPipeline.~~~DxTivb/Root 
2023-06-27 14:03:43 +0000  copying file ./Payload/DDS.app/_CodeSignature/CodeResources ... 
2023-06-27 14:03:43 +0000  13129 bytes for ./Payload/DDS.app/_CodeSignature/CodeResources
2023-06-27 14:03:43 +0000  copying file ./Payload/DDS.app/AppIcon60x60@2x.png ... 
2023-06-27 14:03:43 +0000  5691 bytes for ./Payload/DDS.app/AppIcon60x60@2x.png
copying file ./Payload/DDS.app/DDS_Logo.png ... 
2023-06-27 14:03:43 +0000  141304 bytes for ./Payload/DDS.app/DDS_Logo.png
2023-06-27 14:03:43 +0000  copying file ./Payload/DDS.app/Assets.car ... 
2023-06-27 14:03:43 +0000  259151 bytes for ./Payload/DDS.app/Assets.car
copying file ./Payload/DDS.app/AppIcon76x76@2x~ipad.png ... 
2023-06-27 14:03:43 +0000  7408 bytes for ./Payload/DDS.app/AppIcon76x76@2x~ipad.png
2023-06-27 14:03:43 +0000  copying file ./Payload/DDS.app/LaunchScreen.storyboardc/01J-lp-oVM-view-Ze5-6b-2t3.nib ... 
2023-06-27 14:03:43 +0000  3204 bytes for ./Payload/DDS.app/LaunchScreen.storyboardc/01J-lp-oVM-view-Ze5-6b-2t3.nib
copying file ./Payload/DDS.app/LaunchScreen.storyboardc/UIViewController-01J-lp-oVM.nib ... 
2023-06-27 14:03:43 +0000  896 bytes for ./Payload/DDS.app/LaunchScreen.storyboardc/UIViewController-01J-lp-oVM.nib
copying file ./Payload/DDS.app/LaunchScreen.storyboardc/Info.plist ... 
2023-06-27 14:03:43 +0000  258 bytes for ./Payload/DDS.app/LaunchScreen.storyboardc/Info.plist
copying file ./Payload/DDS.app/DDS ... 
2023-06-27 14:03:43 +0000  757888 bytes for ./Payload/DDS.app/DDS
2023-06-27 14:03:43 +0000  copying file ./Payload/DDS.app/Frameworks/NVActivityIndicatorView.framework/_CodeSignature/CodeResources ... 
1798 bytes for ./Payload/DDS.app/Frameworks/NVActivityIndicatorView.framework/_CodeSignature/CodeResources
2023-06-27 14:03:43 +0000  copying file ./Payload/DDS.app/Frameworks/NVActivityIndicatorView.framework/NVActivityIndicatorView ... 
2023-06-27 14:03:43 +0000  429936 bytes for ./Payload/DDS.app/Frameworks/NVActivityIndicatorView.framework/NVActivityIndicatorView
copying file ./Payload/DDS.app/Frameworks/NVActivityIndicatorView.framework/Info.plist ... 
2023-06-27 14:03:43 +0000  819 bytes for ./Payload/DDS.app/Frameworks/NVActivityIndicatorView.framework/Info.plist
2023-06-27 14:03:43 +0000  copying file ./Payload/DDS.app/Frameworks/NDT7.framework/_CodeSignature/CodeResources ... 
1798 bytes for ./Payload/DDS.app/Frameworks/NDT7.framework/_CodeSignature/CodeResources
copying file ./Payload/DDS.app/Frameworks/NDT7.framework/NDT7 ... 
2023-06-27 14:03:43 +0000  874832 bytes for ./Payload/DDS.app/Frameworks/NDT7.framework/NDT7
copying file ./Payload/DDS.app/Frameworks/NDT7.framework/Info.plist ... 
2023-06-27 14:03:43 +0000  779 bytes for ./Payload/DDS.app/Frameworks/NDT7.framework/Info.plist
copying file ./Payload/DDS.app/Frameworks/FillableLoaders.framework/_CodeSignature/CodeResources ... 
2023-06-27 14:03:43 +0000  1798 bytes for ./Payload/DDS.app/Frameworks/FillableLoaders.framework/_CodeSignature/CodeResources
copying file ./Payload/DDS.app/Frameworks/FillableLoaders.framework/FillableLoaders ... 
2023-06-27 14:03:43 +0000  206976 bytes for ./Payload/DDS.app/Frameworks/FillableLoaders.framework/FillableLoaders
copying file ./Payload/DDS.app/Frameworks/FillableLoaders.framework/Info.plist ... 
2023-06-27 14:03:43 +0000  803 bytes for ./Payload/DDS.app/Frameworks/FillableLoaders.framework/Info.plist
copying file ./Payload/DDS.app/Frameworks/IQKeyboardManagerSwift.framework/_CodeSignature/CodeResources ... 
2023-06-27 14:03:43 +0000  4122 bytes for ./Payload/DDS.app/Frameworks/IQKeyboardManagerSwift.framework/_CodeSignature/CodeResources
2023-06-27 14:03:43 +0000  copying file ./Payload/DDS.app/Frameworks/IQKeyboardManagerSwift.framework/IQKeyboardManager.bundle/IQButtonBarArrowRight@2x.png ... 
2023-06-27 14:03:43 +0000  1786 bytes for ./Payload/DDS.app/Frameworks/IQKeyboardManagerSwift.framework/IQKeyboardManager.bundle/IQButtonBarArrowRight@2x.png
copying file ./Payload/DDS.app/Frameworks/IQKeyboardManagerSwift.framework/IQKeyboardManager.bundle/IQButtonBarArrowUp@3x.png ... 
2023-06-27 14:03:43 +0000  2164 bytes for ./Payload/DDS.app/Frameworks/IQKeyboardManagerSwift.framework/IQKeyboardManager.bundle/IQButtonBarArrowUp@3x.png
copying file ./Payload/DDS.app/Frameworks/IQKeyboardManagerSwift.framework/IQKeyboardManager.bundle/IQButtonBarArrowUp@2x.png ... 
2023-06-27 14:03:43 +0000  1769 bytes for ./Payload/DDS.app/Frameworks/IQKeyboardManagerSwift.framework/IQKeyboardManager.bundle/IQButtonBarArrowUp@2x.png
copying file ./Payload/DDS.app/Frameworks/IQKeyboardManagerSwift.framework/IQKeyboardManager.bundle/IQButtonBarArrowRight@3x.png ... 
2023-06-27 14:03:43 +0000  1844 bytes for ./Payload/DDS.app/Frameworks/IQKeyboardManagerSwift.framework/IQKeyboardManager.bundle/IQButtonBarArrowRight@3x.png
copying file ./Payload/DDS.app/Frameworks/IQKeyboardManagerSwift.framework/IQKeyboardManager.bundle/IQButtonBarArrowLeft@3x.png ... 
2023-06-27 14:03:43 +0000  1815 bytes for ./Payload/DDS.app/Frameworks/IQKeyboardManagerSwift.framework/IQKeyboardManager.bundle/IQButtonBarArrowLeft@3x.png
copying file ./Payload/DDS.app/Frameworks/IQKeyboardManagerSwift.framework/IQKeyboardManager.bundle/IQButtonBarArrowDown@3x.png ... 
2023-06-27 14:03:43 +0000  2177 bytes for ./Payload/DDS.app/Frameworks/IQKeyboardManagerSwift.framework/IQKeyboardManager.bundle/IQButtonBarArrowDown@3x.png
copying file ./Payload/DDS.app/Frameworks/IQKeyboardManagerSwift.framework/IQKeyboardManager.bundle/IQButtonBarArrowDown@2x.png ... 
2023-06-27 14:03:43 +0000  1764 bytes for ./Payload/DDS.app/Frameworks/IQKeyboardManagerSwift.framework/IQKeyboardManager.bundle/IQButtonBarArrowDown@2x.png
2023-06-27 14:03:43 +0000  copying file ./Payload/DDS.app/Frameworks/IQKeyboardManagerSwift.framework/IQKeyboardManager.bundle/IQButtonBarArrowLeft@2x.png ... 
2023-06-27 14:03:43 +0000  1793 bytes for ./Payload/DDS.app/Frameworks/IQKeyboardManagerSwift.framework/IQKeyboardManager.bundle/IQButtonBarArrowLeft@2x.png
copying file ./Payload/DDS.app/Frameworks/IQKeyboardManagerSwift.framework/IQKeyboardManagerSwift ... 
2023-06-27 14:03:43 +0000  774064 bytes for ./Payload/DDS.app/Frameworks/IQKeyboardManagerSwift.framework/IQKeyboardManagerSwift
copying file ./Payload/DDS.app/Frameworks/IQKeyboardManagerSwift.framework/Info.plist ... 
2023-06-27 14:03:43 +0000  817 bytes for ./Payload/DDS.app/Frameworks/IQKeyboardManagerSwift.framework/Info.plist
copying file ./Payload/DDS.app/Frameworks/AlignedCollectionViewFlowLayout.framework/_CodeSignature/CodeResources ... 
2023-06-27 14:03:43 +0000  1798 bytes for ./Payload/DDS.app/Frameworks/AlignedCollectionViewFlowLayout.framework/_CodeSignature/CodeResources
copying file ./Payload/DDS.app/Frameworks/AlignedCollectionViewFlowLayout.framework/Info.plist ... 
2023-06-27 14:03:43 +0000  835 bytes for ./Payload/DDS.app/Frameworks/AlignedCollectionViewFlowLayout.framework/Info.plist
copying file ./Payload/DDS.app/Frameworks/AlignedCollectionViewFlowLayout.framework/AlignedCollectionViewFlowLayout ... 
2023-06-27 14:03:43 +0000  142608 bytes for ./Payload/DDS.app/Frameworks/AlignedCollectionViewFlowLayout.framework/AlignedCollectionViewFlowLayout
2023-06-27 14:03:43 +0000  copying file ./Payload/DDS.app/Frameworks/Alamofire.framework/_CodeSignature/CodeResources ... 
1798 bytes for ./Payload/DDS.app/Frameworks/Alamofire.framework/_CodeSignature/CodeResources
copying file ./Payload/DDS.app/Frameworks/Alamofire.framework/Alamofire ... 
2023-06-27 14:03:43 +0000  3250992 bytes for ./Payload/DDS.app/Frameworks/Alamofire.framework/Alamofire
copying file ./Payload/DDS.app/Frameworks/Alamofire.framework/Info.plist ... 
2023-06-27 14:03:43 +0000  789 bytes for ./Payload/DDS.app/Frameworks/Alamofire.framework/Info.plist
copying file ./Payload/DDS.app/Frameworks/SDWebImage.framework/_CodeSignature/CodeResources ... 
1798 bytes for ./Payload/DDS.app/Frameworks/SDWebImage.framework/_CodeSignature/CodeResources
copying file ./Payload/DDS.app/Frameworks/SDWebImage.framework/SDWebImage ... 
2023-06-27 14:03:43 +0000  900880 bytes for ./Payload/DDS.app/Frameworks/SDWebImage.framework/SDWebImage
copying file ./Payload/DDS.app/Frameworks/SDWebImage.framework/Info.plist ... 
2023-06-27 14:03:43 +0000  792 bytes for ./Payload/DDS.app/Frameworks/SDWebImage.framework/Info.plist
copying file ./Payload/DDS.app/embedded.mobileprovision ... 
2023-06-27 14:03:43 +0000  15792 bytes for ./Payload/DDS.app/embedded.mobileprovision
copying file ./Payload/DDS.app/Info.plist ... 
2023-06-27 14:03:43 +0000  1676 bytes for ./Payload/DDS.app/Info.plist
copying file ./Payload/DDS.app/PkgInfo ... 
2023-06-27 14:03:43 +0000  8 bytes for ./Payload/DDS.app/PkgInfo
2023-06-27 14:03:43 +0000 [MT] /usr/bin/ditto exited with 0
2023-06-27 14:03:43 +0000 [MT] Processing step: IDEDistributionAppStoreInformationStep
2023-06-27 14:03:43 +0000 [MT] Skipping step: IDEDistributionAppStoreInformationStep because it said so
2023-06-27 14:03:43 +0000 [MT] Processing step: IDEDistributionGenerateProcessedDistributionItems
2023-06-27 14:03:43 +0000 [MT] IDEDistributionItem init <DVTFilePath:0x600000912600:'/var/folders/lb/5xzvx5rj26x9cyp66357w7cr0000gn/T/XcodeDistPipeline.~~~DxTivb/Root/Payload/DDS.app/Frameworks/NVActivityIndicatorView.framework'>
2023-06-27 14:03:43 +0000 [MT] IDEDistributionItem init <DVTFilePath:0x600000c4f790:'/var/folders/lb/5xzvx5rj26x9cyp66357w7cr0000gn/T/XcodeDistPipeline.~~~DxTivb/Root/Payload/DDS.app/Frameworks/NDT7.framework'>
2023-06-27 14:03:43 +0000 [MT] IDEDistributionItem init <DVTFilePath:0x600000c4efb0:'/var/folders/lb/5xzvx5rj26x9cyp66357w7cr0000gn/T/XcodeDistPipeline.~~~DxTivb/Root/Payload/DDS.app/Frameworks/SDWebImage.framework'>
2023-06-27 14:03:43 +0000 [MT] IDEDistributionItem init <DVTFilePath:0x600000c4f870:'/var/folders/lb/5xzvx5rj26x9cyp66357w7cr0000gn/T/XcodeDistPipeline.~~~DxTivb/Root/Payload/DDS.app/Frameworks/Alamofire.framework'>
2023-06-27 14:03:43 +0000 [MT] IDEDistributionItem init <DVTFilePath:0x600000911b80:'/var/folders/lb/5xzvx5rj26x9cyp66357w7cr0000gn/T/XcodeDistPipeline.~~~DxTivb/Root/Payload/DDS.app/Frameworks/IQKeyboardManagerSwift.framework'>
2023-06-27 14:03:43 +0000 [MT] IDEDistributionItem init <DVTFilePath:0x600000912d00:'/var/folders/lb/5xzvx5rj26x9cyp66357w7cr0000gn/T/XcodeDistPipeline.~~~DxTivb/Root/Payload/DDS.app/Frameworks/FillableLoaders.framework'>
2023-06-27 14:03:43 +0000 [MT] IDEDistributionItem init <DVTFilePath:0x6000015e95f0:'/var/folders/lb/5xzvx5rj26x9cyp66357w7cr0000gn/T/XcodeDistPipeline.~~~DxTivb/Root/Payload/DDS.app/Frameworks/AlignedCollectionViewFlowLayout.framework'>
2023-06-27 14:03:43 +0000 [MT] IDEDistributionItem init <DVTFilePath:0x600000338b40:'/var/folders/lb/5xzvx5rj26x9cyp66357w7cr0000gn/T/XcodeDistPipeline.~~~DxTivb/Root/Payload/DDS.app'>
2023-06-27 14:03:43 +0000 [MT] Processing step: IDEDistributionCreateManifestStep
